 ----------------- 2022-08-02 15:30:06 ----------------- 113.7522502072497 [[-1000.0, 0.0], [0.0, 5.0], [-1000.0, 0.0], [-1000.0, 0.0], [0.0, 2.0]]
9837.662989066674 [[-1000.0, 0.0], [0.0, 5.0], [-1000.0, 0.0], [-1000.0, 0.0], [2.0, 4.0]]
37.98794802407213 [[-1000.0, 0.0], [0.0, 5.0], [-1000.0, 0.0], [0.0, 1000.0], [0.0, 2.0]]
9037.99615202849 [[-1000.0, 0.0], [0.0, 5.0], [-1000.0, 0.0], [0.0, 1000.0], [2.0, 4.0]]
20.977811700570122 [[-1000.0, 0.0], [0.0, 5.0], [0.0, 1000.0], [-1000.0, 0.0], [0.0, 2.0]]
1280.1951847311775 [[-1000.0, 0.0], [0.0, 5.0], [0.0, 1000.0], [-1000.0, 0.0], [2.0, 4.0]]
188.32382333747694 [[-1000.0, 0.0], [0.0, 5.0], [0.0, 1000.0], [0.0, 1000.0], [0.0, 2.0]]
1450.0991051532806 [[-1000.0, 0.0], [0.0, 5.0], [0.0, 1000.0], [0.0, 1000.0], [2.0, 4.0]]
4.635185819186719 [[-1000.0, 0.0], [5.0, 10.0], [-1000.0, 0.0], [-1000.0, 0.0], [0.0, 2.0]]
12524855.26577511 [[-1000.0, 0.0], [5.0, 10.0], [-1000.0, 0.0], [-1000.0, 0.0], [2.0, 4.0]]
0.5510996670064008 [[-1000.0, 0.0], [5.0, 10.0], [-1000.0, 0.0], [0.0, 1000.0], [0.0, 2.0]]
39415.9115490102 [[-1000.0, 0.0], [5.0, 10.0], [-1000.0, 0.0], [0.0, 1000.0], [2.0, 4.0]]
0.9550803557925155 [[-1000.0, 0.0], [5.0, 10.0], [0.0, 1000.0], [-1000.0, 0.0], [0.0, 2.0]]
1102105.5411664268 [[-1000.0, 0.0], [5.0, 10.0], [0.0, 1000.0], [-1000.0, 0.0], [2.0, 4.0]]
0.9923744654711644 [[-1000.0, 0.0], [5.0, 10.0], [0.0, 1000.0], [0.0, 1000.0], [0.0, 2.0]]
4491090.875984772 [[-1000.0, 0.0], [5.0, 10.0], [0.0, 1000.0], [0.0, 1000.0], [2.0, 4.0]]
165.43606059193962 [[0.0, 1000.0], [0.0, 5.0], [-1000.0, 0.0], [-1000.0, 0.0], [0.0, 2.0]]
766.6477670429387 [[0.0, 1000.0], [0.0, 5.0], [-1000.0, 0.0], [-1000.0, 0.0], [2.0, 4.0]]
7.413833747237576 [[0.0, 1000.0], [0.0, 5.0], [-1000.0, 0.0], [0.0, 1000.0], [0.0, 2.0]]
11053.484505776038 [[0.0, 1000.0], [0.0, 5.0], [-1000.0, 0.0], [0.0, 1000.0], [2.0, 4.0]]
0.4298633280536584 [[0.0, 1000.0], [0.0, 5.0], [0.0, 1000.0], [-1000.0, 0.0], [0.0, 2.0]]
903.4393583103953 [[0.0, 1000.0], [0.0, 5.0], [0.0, 1000.0], [-1000.0, 0.0], [2.0, 4.0]]
45.18703807380103 [[0.0, 1000.0], [0.0, 5.0], [0.0, 1000.0], [0.0, 1000.0], [0.0, 2.0]]
3189.8686861194774 [[0.0, 1000.0], [0.0, 5.0], [0.0, 1000.0], [0.0, 1000.0], [2.0, 4.0]]
3.9990605372134413 [[0.0, 1000.0], [5.0, 10.0], [-1000.0, 0.0], [-1000.0, 0.0], [0.0, 2.0]]
1524104.9119688277 [[0.0, 1000.0], [5.0, 10.0], [-1000.0, 0.0], [-1000.0, 0.0], [2.0, 4.0]]
1.019249562399092 [[0.0, 1000.0], [5.0, 10.0], [-1000.0, 0.0], [0.0, 1000.0], [0.0, 2.0]]
1721376.238459703 [[0.0, 1000.0], [5.0, 10.0], [-1000.0, 0.0], [0.0, 1000.0], [2.0, 4.0]]
0.48983770878197136 [[0.0, 1000.0], [5.0, 10.0], [0.0, 1000.0], [-1000.0, 0.0], [0.0, 2.0]]
35372.871885015324 [[0.0, 1000.0], [5.0, 10.0], [0.0, 1000.0], [-1000.0, 0.0], [2.0, 4.0]]
6.797405044173862 [[0.0, 1000.0], [5.0, 10.0], [0.0, 1000.0], [0.0, 1000.0], [0.0, 2.0]]
448098.3553544346 [[0.0, 1000.0], [5.0, 10.0], [0.0, 1000.0], [0.0, 1000.0], [2.0, 4.0]]
 ----------------- 2022-08-02 15:31:30 ----------------- 10.864255192065032 [[-1000.0, 0.0], [0.0, 5.0], [-1000.0, 0.0], [-1000.0, 0.0], [0.0, 2.0]]
 ----------------- 2022-08-02 15:31:31 ----------------- 15307.846090670608 [[-1000.0, 0.0], [0.0, 5.0], [-1000.0, 0.0], [-1000.0, 0.0], [2.0, 4.0]]
 ----------------- 2022-08-02 15:31:32 ----------------- 22.18094228779801 [[-1000.0, 0.0], [0.0, 5.0], [-1000.0, 0.0], [0.0, 1000.0], [0.0, 2.0]]
 ----------------- 2022-08-02 15:31:34 ----------------- 202.5530239356717 [[-1000.0, 0.0], [0.0, 5.0], [-1000.0, 0.0], [0.0, 1000.0], [2.0, 4.0]]
 ----------------- 2022-08-02 15:31:35 ----------------- 15.058399742639844 [[-1000.0, 0.0], [0.0, 5.0], [0.0, 1000.0], [-1000.0, 0.0], [0.0, 2.0]]
 ----------------- 2022-08-02 15:31:36 ----------------- 775.3007852946668 [[-1000.0, 0.0], [0.0, 5.0], [0.0, 1000.0], [-1000.0, 0.0], [2.0, 4.0]]
 ----------------- 2022-08-02 15:31:37 ----------------- 106.78242415714733 [[-1000.0, 0.0], [0.0, 5.0], [0.0, 1000.0], [0.0, 1000.0], [0.0, 2.0]]
 ----------------- 2022-08-02 15:31:39 ----------------- 4553.391222296731 [[-1000.0, 0.0], [0.0, 5.0], [0.0, 1000.0], [0.0, 1000.0], [2.0, 4.0]]
 ----------------- 2022-08-02 15:31:40 ----------------- 9.09896678199013 [[-1000.0, 0.0], [5.0, 10.0], [-1000.0, 0.0], [-1000.0, 0.0], [0.0, 2.0]]
 ----------------- 2022-08-02 15:31:41 ----------------- 6600242.426960575 [[-1000.0, 0.0], [5.0, 10.0], [-1000.0, 0.0], [-1000.0, 0.0], [2.0, 4.0]]
 ----------------- 2022-08-02 15:31:42 ----------------- 0.483613570196633 [[-1000.0, 0.0], [5.0, 10.0], [-1000.0, 0.0], [0.0, 1000.0], [0.0, 2.0]]
 ----------------- 2022-08-02 15:31:44 ----------------- 165792.999774151 [[-1000.0, 0.0], [5.0, 10.0], [-1000.0, 0.0], [0.0, 1000.0], [2.0, 4.0]]
 ----------------- 2022-08-02 15:31:45 ----------------- 0.47312759379319785 [[-1000.0, 0.0], [5.0, 10.0], [0.0, 1000.0], [-1000.0, 0.0], [0.0, 2.0]]
 ----------------- 2022-08-02 15:31:46 ----------------- 1159561.2665834296 [[-1000.0, 0.0], [5.0, 10.0], [0.0, 1000.0], [-1000.0, 0.0], [2.0, 4.0]]
 ----------------- 2022-08-02 15:31:47 ----------------- 0.792794009493562 [[-1000.0, 0.0], [5.0, 10.0], [0.0, 1000.0], [0.0, 1000.0], [0.0, 2.0]]
 ----------------- 2022-08-02 15:31:49 ----------------- 14245967.69782611 [[-1000.0, 0.0], [5.0, 10.0], [0.0, 1000.0], [0.0, 1000.0], [2.0, 4.0]]
 ----------------- 2022-08-02 15:31:50 ----------------- 66.23301416768982 [[0.0, 1000.0], [0.0, 5.0], [-1000.0, 0.0], [-1000.0, 0.0], [0.0, 2.0]]
 ----------------- 2022-08-02 15:31:51 ----------------- 1987.2550809426787 [[0.0, 1000.0], [0.0, 5.0], [-1000.0, 0.0], [-1000.0, 0.0], [2.0, 4.0]]
 ----------------- 2022-08-02 15:31:52 ----------------- 12.931130974153374 [[0.0, 1000.0], [0.0, 5.0], [-1000.0, 0.0], [0.0, 1000.0], [0.0, 2.0]]
 ----------------- 2022-08-02 15:31:54 ----------------- 22.269890825880672 [[0.0, 1000.0], [0.0, 5.0], [-1000.0, 0.0], [0.0, 1000.0], [2.0, 4.0]]
 ----------------- 2022-08-02 15:31:55 ----------------- 5.687291317461579 [[0.0, 1000.0], [0.0, 5.0], [0.0, 1000.0], [-1000.0, 0.0], [0.0, 2.0]]
 ----------------- 2022-08-02 15:31:56 ----------------- 2178.80307820677 [[0.0, 1000.0], [0.0, 5.0], [0.0, 1000.0], [-1000.0, 0.0], [2.0, 4.0]]
 ----------------- 2022-08-02 15:31:57 ----------------- 58.38044703384611 [[0.0, 1000.0], [0.0, 5.0], [0.0, 1000.0], [0.0, 1000.0], [0.0, 2.0]]
 ----------------- 2022-08-02 15:31:59 ----------------- 223.40584962918373 [[0.0, 1000.0], [0.0, 5.0], [0.0, 1000.0], [0.0, 1000.0], [2.0, 4.0]]
 ----------------- 2022-08-02 15:32:00 ----------------- 3.148875759305333 [[0.0, 1000.0], [5.0, 10.0], [-1000.0, 0.0], [-1000.0, 0.0], [0.0, 2.0]]
 ----------------- 2022-08-02 15:32:01 ----------------- 3659453.2800455196 [[0.0, 1000.0], [5.0, 10.0], [-1000.0, 0.0], [-1000.0, 0.0], [2.0, 4.0]]
 ----------------- 2022-08-02 15:32:02 ----------------- 1.367520920643125 [[0.0, 1000.0], [5.0, 10.0], [-1000.0, 0.0], [0.0, 1000.0], [0.0, 2.0]]
 ----------------- 2022-08-02 15:32:04 ----------------- 890605.0991290194 [[0.0, 1000.0], [5.0, 10.0], [-1000.0, 0.0], [0.0, 1000.0], [2.0, 4.0]]
 ----------------- 2022-08-02 15:32:05 ----------------- 0.4833881325812098 [[0.0, 1000.0], [5.0, 10.0], [0.0, 1000.0], [-1000.0, 0.0], [0.0, 2.0]]
 ----------------- 2022-08-02 15:32:06 ----------------- 5550.94104634235 [[0.0, 1000.0], [5.0, 10.0], [0.0, 1000.0], [-1000.0, 0.0], [2.0, 4.0]]
 ----------------- 2022-08-02 15:32:08 ----------------- 2.5846225251440162 [[0.0, 1000.0], [5.0, 10.0], [0.0, 1000.0], [0.0, 1000.0], [0.0, 2.0]]
 ----------------- 2022-08-02 15:32:09 ----------------- 82706.63273609841 [[0.0, 1000.0], [5.0, 10.0], [0.0, 1000.0], [0.0, 1000.0], [2.0, 4.0]]
 ----------------- 2022-08-02 15:35:05 ----------------- 5.661879562530037 [[-1000.0, 0.0], [0.0, 5.0], [-1000.0, 0.0], [-1000.0, 0.0], [0.0, 2.0]]
 ----------------- 2022-08-02 15:35:07 ----------------- 4382.151165988045 [[-1000.0, 0.0], [0.0, 5.0], [-1000.0, 0.0], [-1000.0, 0.0], [2.0, 4.0]]
 ----------------- 2022-08-02 15:35:08 ----------------- 58.884286875201795 [[-1000.0, 0.0], [0.0, 5.0], [-1000.0, 0.0], [0.0, 1000.0], [0.0, 2.0]]
 ----------------- 2022-08-02 15:35:09 ----------------- 311.5488928668923 [[-1000.0, 0.0], [0.0, 5.0], [-1000.0, 0.0], [0.0, 1000.0], [2.0, 4.0]]
 ----------------- 2022-08-02 15:35:10 ----------------- 10.355380560779562 [[-1000.0, 0.0], [0.0, 5.0], [0.0, 1000.0], [-1000.0, 0.0], [0.0, 2.0]]
 ----------------- 2022-08-02 15:35:12 ----------------- 3324.2891285950222 [[-1000.0, 0.0], [0.0, 5.0], [0.0, 1000.0], [-1000.0, 0.0], [2.0, 4.0]]
 ----------------- 2022-08-02 15:35:13 ----------------- 9.757520146622063 [[-1000.0, 0.0], [0.0, 5.0], [0.0, 1000.0], [0.0, 1000.0], [0.0, 2.0]]
 ----------------- 2022-08-02 15:35:14 ----------------- 25083.001028960924 [[-1000.0, 0.0], [0.0, 5.0], [0.0, 1000.0], [0.0, 1000.0], [2.0, 4.0]]
 ----------------- 2022-08-02 15:35:15 ----------------- 0.48771932311035476 [[-1000.0, 0.0], [5.0, 10.0], [-1000.0, 0.0], [-1000.0, 0.0], [0.0, 2.0]]
 ----------------- 2022-08-02 15:35:17 ----------------- 6153134.508440021 [[-1000.0, 0.0], [5.0, 10.0], [-1000.0, 0.0], [-1000.0, 0.0], [2.0, 4.0]]
 ----------------- 2022-08-02 15:35:18 ----------------- 0.5282065554520855 [[-1000.0, 0.0], [5.0, 10.0], [-1000.0, 0.0], [0.0, 1000.0], [0.0, 2.0]]
 ----------------- 2022-08-02 15:35:19 ----------------- 1822934.2205177052 [[-1000.0, 0.0], [5.0, 10.0], [-1000.0, 0.0], [0.0, 1000.0], [2.0, 4.0]]
 ----------------- 2022-08-02 15:35:20 ----------------- 1.7188458091654448 [[-1000.0, 0.0], [5.0, 10.0], [0.0, 1000.0], [-1000.0, 0.0], [0.0, 2.0]]
 ----------------- 2022-08-02 15:35:22 ----------------- 62891.62857275543 [[-1000.0, 0.0], [5.0, 10.0], [0.0, 1000.0], [-1000.0, 0.0], [2.0, 4.0]]
 ----------------- 2022-08-02 15:35:23 ----------------- 1.627531967001547 [[-1000.0, 0.0], [5.0, 10.0], [0.0, 1000.0], [0.0, 1000.0], [0.0, 2.0]]
 ----------------- 2022-08-02 15:35:24 ----------------- 8787602.449313367 [[-1000.0, 0.0], [5.0, 10.0], [0.0, 1000.0], [0.0, 1000.0], [2.0, 4.0]]
 ----------------- 2022-08-02 15:35:25 ----------------- 48.07283952279078 [[0.0, 1000.0], [0.0, 5.0], [-1000.0, 0.0], [-1000.0, 0.0], [0.0, 2.0]]
 ----------------- 2022-08-02 15:35:27 ----------------- 3427.2608668718294 [[0.0, 1000.0], [0.0, 5.0], [-1000.0, 0.0], [-1000.0, 0.0], [2.0, 4.0]]
 ----------------- 2022-08-02 15:35:28 ----------------- 3.9373274234118067 [[0.0, 1000.0], [0.0, 5.0], [-1000.0, 0.0], [0.0, 1000.0], [0.0, 2.0]]
 ----------------- 2022-08-02 15:35:29 ----------------- 1941.8052262583456 [[0.0, 1000.0], [0.0, 5.0], [-1000.0, 0.0], [0.0, 1000.0], [2.0, 4.0]]
 ----------------- 2022-08-02 15:35:30 ----------------- 22.809915896726753 [[0.0, 1000.0], [0.0, 5.0], [0.0, 1000.0], [-1000.0, 0.0], [0.0, 2.0]]
 ----------------- 2022-08-02 15:35:32 ----------------- 199.07270082420126 [[0.0, 1000.0], [0.0, 5.0], [0.0, 1000.0], [-1000.0, 0.0], [2.0, 4.0]]
 ----------------- 2022-08-02 15:35:33 ----------------- 116.85310028385176 [[0.0, 1000.0], [0.0, 5.0], [0.0, 1000.0], [0.0, 1000.0], [0.0, 2.0]]
 ----------------- 2022-08-02 15:35:34 ----------------- 69793.4481853251 [[0.0, 1000.0], [0.0, 5.0], [0.0, 1000.0], [0.0, 1000.0], [2.0, 4.0]]
 ----------------- 2022-08-02 15:35:35 ----------------- 0.5539866227771537 [[0.0, 1000.0], [5.0, 10.0], [-1000.0, 0.0], [-1000.0, 0.0], [0.0, 2.0]]
 ----------------- 2022-08-02 15:35:37 ----------------- 28369817.049664322 [[0.0, 1000.0], [5.0, 10.0], [-1000.0, 0.0], [-1000.0, 0.0], [2.0, 4.0]]
 ----------------- 2022-08-02 15:35:38 ----------------- 0.48855131586667505 [[0.0, 1000.0], [5.0, 10.0], [-1000.0, 0.0], [0.0, 1000.0], [0.0, 2.0]]
 ----------------- 2022-08-02 15:35:39 ----------------- 2057555.4490164262 [[0.0, 1000.0], [5.0, 10.0], [-1000.0, 0.0], [0.0, 1000.0], [2.0, 4.0]]
 ----------------- 2022-08-02 15:35:41 ----------------- 1.5689053330824059 [[0.0, 1000.0], [5.0, 10.0], [0.0, 1000.0], [-1000.0, 0.0], [0.0, 2.0]]
 ----------------- 2022-08-02 15:35:42 ----------------- 466303.6795586538 [[0.0, 1000.0], [5.0, 10.0], [0.0, 1000.0], [-1000.0, 0.0], [2.0, 4.0]]
 ----------------- 2022-08-02 15:35:43 ----------------- 1.0557028957903127 [[0.0, 1000.0], [5.0, 10.0], [0.0, 1000.0], [0.0, 1000.0], [0.0, 2.0]]
 ----------------- 2022-08-02 15:35:44 ----------------- 349410.14327554055 [[0.0, 1000.0], [5.0, 10.0], [0.0, 1000.0], [0.0, 1000.0], [2.0, 4.0]]
 ----------------- 2022-08-02 15:36:15 ----------------- 0.4827947978977469 [[-1000.0, 0.0], [5.0, 10.0], [-1000.0, 0.0], [-1000.0, 0.0], [0.0, 2.0]]
 ----------------- 2022-08-02 15:36:16 ----------------- 0.4952634205873322 [[0.0, 1000.0], [5.0, 10.0], [-1000.0, 0.0], [0.0, 1000.0], [0.0, 2.0]]
 ----------------- 2022-08-02 15:36:18 ----------------- 0.4830509143001675 [[-1000.0, 0.0], [5.0, 10.0], [-1000.0, 0.0], [0.0, 1000.0], [0.0, 2.0]]
 ----------------- 2022-08-02 15:36:19 ----------------- 0.6540642754548003 [[0.0, 1000.0], [5.0, 10.0], [-1000.0, 0.0], [-1000.0, 0.0], [0.0, 2.0]]
 ----------------- 2022-08-02 15:36:20 ----------------- 4.56710862321688 [[0.0, 1000.0], [5.0, 10.0], [0.0, 1000.0], [0.0, 1000.0], [0.0, 2.0]]
 ----------------- 2022-08-02 15:36:22 ----------------- 0.8032556690652707 [[0.0, 1000.0], [5.0, 10.0], [0.0, 1000.0], [-1000.0, 0.0], [0.0, 2.0]]
 ----------------- 2022-08-02 15:36:23 ----------------- 1.815056342268063 [[-1000.0, 0.0], [5.0, 10.0], [0.0, 1000.0], [0.0, 1000.0], [0.0, 2.0]]
 ----------------- 2022-08-02 15:36:24 ----------------- 0.6977019460647098 [[-1000.0, 0.0], [5.0, 10.0], [0.0, 1000.0], [-1000.0, 0.0], [0.0, 2.0]]
 ----------------- 2022-08-02 15:36:25 ----------------- 7.084661822092198 [[0.0, 1000.0], [0.0, 5.0], [-1000.0, 0.0], [0.0, 1000.0], [0.0, 2.0]]
 ----------------- 2022-08-02 15:36:27 ----------------- 245.9727940913031 [[-1000.0, 0.0], [0.0, 5.0], [-1000.0, 0.0], [-1000.0, 0.0], [0.0, 2.0]]
 ----------------- 2022-08-02 15:36:28 ----------------- 256.9584150641451 [[-1000.0, 0.0], [0.0, 5.0], [0.0, 1000.0], [0.0, 1000.0], [0.0, 2.0]]
 ----------------- 2022-08-02 15:36:29 ----------------- 20.02140205217387 [[-1000.0, 0.0], [0.0, 5.0], [0.0, 1000.0], [-1000.0, 0.0], [0.0, 2.0]]
 ----------------- 2022-08-02 15:36:30 ----------------- 54.40880251470591 [[0.0, 1000.0], [0.0, 5.0], [0.0, 1000.0], [-1000.0, 0.0], [0.0, 2.0]]
 ----------------- 2022-08-02 15:36:32 ----------------- 441.0152988786229 [[0.0, 1000.0], [0.0, 5.0], [-1000.0, 0.0], [-1000.0, 0.0], [0.0, 2.0]]
 ----------------- 2022-08-02 15:36:33 ----------------- 18.19957206482995 [[-1000.0, 0.0], [0.0, 5.0], [-1000.0, 0.0], [0.0, 1000.0], [0.0, 2.0]]
 ----------------- 2022-08-02 15:36:34 ----------------- 124.2426161085815 [[0.0, 1000.0], [0.0, 5.0], [0.0, 1000.0], [0.0, 1000.0], [0.0, 2.0]]
 ----------------- 2022-08-02 15:37:02 ----------------- 1.656437368917135 [[-1000.0, 0.0], [5.0, 10.0], [-1000.0, 0.0], [-1000.0, 0.0], [0.0, 2.0]]
 ----------------- 2022-08-02 15:37:03 ----------------- 0.5068996934216409 [[-1000.0, 0.0], [5.0, 10.0], [-1000.0, 0.0], [0.0, 1000.0], [0.0, 2.0]]
 ----------------- 2022-08-02 15:37:04 ----------------- 1.4312303624159006 [[0.0, 1000.0], [5.0, 10.0], [-1000.0, 0.0], [0.0, 1000.0], [0.0, 2.0]]
 ----------------- 2022-08-02 15:37:05 ----------------- 1.1879422707585015 [[0.0, 1000.0], [5.0, 10.0], [-1000.0, 0.0], [-1000.0, 0.0], [0.0, 2.0]]
 ----------------- 2022-08-02 15:37:07 ----------------- 0.6542921321680666 [[-1000.0, 0.0], [5.0, 10.0], [0.0, 1000.0], [-1000.0, 0.0], [0.0, 2.0]]
 ----------------- 2022-08-02 15:37:08 ----------------- 0.8781605286291793 [[0.0, 1000.0], [5.0, 10.0], [0.0, 1000.0], [-1000.0, 0.0], [0.0, 2.0]]
 ----------------- 2022-08-02 15:37:09 ----------------- 1.458733393641067 [[-1000.0, 0.0], [5.0, 10.0], [0.0, 1000.0], [0.0, 1000.0], [0.0, 2.0]]
 ----------------- 2022-08-02 15:37:10 ----------------- 0.8486165268510057 [[0.0, 1000.0], [5.0, 10.0], [0.0, 1000.0], [0.0, 1000.0], [0.0, 2.0]]
 ----------------- 2022-08-02 15:37:25 ----------------- 0.4841574048556211 [[-1000.0, 0.0], [5.0, 10.0], [-1000.0, 0.0], [0.0, 1000.0], [0.0, 2.0]]
 ----------------- 2022-08-02 15:37:26 ----------------- 0.4836492744755856 [[-1000.0, 0.0], [5.0, 10.0], [0.0, 1000.0], [-1000.0, 0.0], [0.0, 2.0]]
 ----------------- 2022-08-02 15:37:27 ----------------- 2.7010002591095823 [[0.0, 1000.0], [5.0, 10.0], [0.0, 1000.0], [0.0, 1000.0], [0.0, 2.0]]
 ----------------- 2022-08-02 15:37:29 ----------------- 0.9183868613989576 [[0.0, 1000.0], [5.0, 10.0], [0.0, 1000.0], [-1000.0, 0.0], [0.0, 2.0]]
 --------- 2022-08-02 15:42:05 --------- 3 seconds -------- 15083.980395940192 [[-1000.0, -600.0], [0.0, 2.0], [-1000.0, -600.0], [-1000.0, -600.0], [0.0, 0.8]]
 --------- 2022-08-02 15:42:09 --------- 3 seconds -------- 25728.14142913354 [[-1000.0, -600.0], [0.0, 2.0], [-1000.0, -600.0], [-1000.0, -600.0], [0.8, 1.6]]
 --------- 2022-08-02 15:42:12 --------- 3 seconds -------- 111992.5195240253 [[-1000.0, -600.0], [0.0, 2.0], [-1000.0, -600.0], [-1000.0, -600.0], [1.6, 2.4]]
 --------- 2022-08-02 15:42:16 --------- 3 seconds -------- 280095.0859633218 [[-1000.0, -600.0], [0.0, 2.0], [-1000.0, -600.0], [-1000.0, -600.0], [2.4, 3.2]]
 --------- 2022-08-02 15:42:19 --------- 3 seconds -------- 305078.5821670518 [[-1000.0, -600.0], [0.0, 2.0], [-1000.0, -600.0], [-1000.0, -600.0], [3.2, 4.0]]
 --------- 2022-08-02 15:42:23 --------- 3 seconds -------- 8953.03803938748 [[-1000.0, -600.0], [0.0, 2.0], [-1000.0, -600.0], [-600.0, -200.0], [0.0, 0.8]]
 --------- 2022-08-02 15:42:37 --------- 8 seconds -------- 21795.292185223196 [[-1000.0, -600.0], [0.0, 2.0], [-1000.0, -600.0], [-1000.0, -600.0], [0.0, 0.8]]
 --------- 2022-08-02 15:42:46 --------- 8 seconds -------- 30057.1269409896 [[-1000.0, -600.0], [0.0, 2.0], [-1000.0, -600.0], [-1000.0, -600.0], [0.8, 1.6]]
 --------- 2022-08-02 15:44:51 --------- 31 seconds -------- 3177.1514506305484 [[-1000.0, -333.33333333333337], [0.0, 3.3333333333333335], [-1000.0, -333.33333333333337], [-1000.0, -333.33333333333337], [0.0, 1.3333333333333333]]
 --------- 2022-08-02 15:46:35 --------- 27 seconds -------- 66.99345866080951 [[-1000.0, 0.0], [0.0, 5.0], [-1000.0, 0.0], [-1000.0, 0.0], [0.0, 2.0]]
 --------- 2022-08-02 15:47:02 --------- 27 seconds -------- 11005.971155996156 [[-1000.0, 0.0], [0.0, 5.0], [-1000.0, 0.0], [-1000.0, 0.0], [2.0, 4.0]]
 --------- 2022-08-02 15:47:30 --------- 27 seconds -------- 15.965000999190657 [[-1000.0, 0.0], [0.0, 5.0], [-1000.0, 0.0], [0.0, 1000.0], [0.0, 2.0]]
 --------- 2022-08-02 15:47:58 --------- 27 seconds -------- 471.5117324324126 [[-1000.0, 0.0], [0.0, 5.0], [-1000.0, 0.0], [0.0, 1000.0], [2.0, 4.0]]
 --------- 2022-08-02 15:48:30 --------- 5 seconds -------- 382.59250603139554 [[-1000.0, 0.0], [0.0, 5.0], [-1000.0, 0.0], [-1000.0, 0.0], [0.0, 2.0]]
 --------- 2022-08-02 15:48:36 --------- 5 seconds -------- 13896.24122524276 [[-1000.0, 0.0], [0.0, 5.0], [-1000.0, 0.0], [-1000.0, 0.0], [2.0, 4.0]]
 --------- 2022-08-02 15:48:42 --------- 5 seconds -------- 6.386692645138976 [[-1000.0, 0.0], [0.0, 5.0], [-1000.0, 0.0], [0.0, 1000.0], [0.0, 2.0]]
 --------- 2022-08-02 15:48:47 --------- 5 seconds -------- 1342.4607426388507 [[-1000.0, 0.0], [0.0, 5.0], [-1000.0, 0.0], [0.0, 1000.0], [2.0, 4.0]]
 --------- 2022-08-02 15:48:53 --------- 5 seconds -------- 20.3432093302959 [[-1000.0, 0.0], [0.0, 5.0], [0.0, 1000.0], [-1000.0, 0.0], [0.0, 2.0]]
 --------- 2022-08-02 15:48:59 --------- 5 seconds -------- 5605.250396859121 [[-1000.0, 0.0], [0.0, 5.0], [0.0, 1000.0], [-1000.0, 0.0], [2.0, 4.0]]
 --------- 2022-08-02 15:49:04 --------- 5 seconds -------- 7.558472890742141 [[-1000.0, 0.0], [0.0, 5.0], [0.0, 1000.0], [0.0, 1000.0], [0.0, 2.0]]
 --------- 2022-08-02 15:49:10 --------- 5 seconds -------- 13903.652009510259 [[-1000.0, 0.0], [0.0, 5.0], [0.0, 1000.0], [0.0, 1000.0], [2.0, 4.0]]
 --------- 2022-08-02 15:49:16 --------- 5 seconds -------- 1.5524005291874095 [[-1000.0, 0.0], [5.0, 10.0], [-1000.0, 0.0], [-1000.0, 0.0], [0.0, 2.0]]
 --------- 2022-08-02 15:49:21 --------- 5 seconds -------- 3689497.4456524835 [[-1000.0, 0.0], [5.0, 10.0], [-1000.0, 0.0], [-1000.0, 0.0], [2.0, 4.0]]
 --------- 2022-08-02 15:49:28 --------- 2 seconds -------- 42.315803787444764 [[-1000.0, 0.0], [0.0, 5.0], [-1000.0, 0.0], [-1000.0, 0.0], [0.0, 2.0]]
 --------- 2022-08-02 15:49:31 --------- 2 seconds -------- 6002.970144151851 [[-1000.0, 0.0], [0.0, 5.0], [-1000.0, 0.0], [-1000.0, 0.0], [2.0, 4.0]]
 --------- 2022-08-02 15:49:33 --------- 2 seconds -------- 15.599238101152542 [[-1000.0, 0.0], [0.0, 5.0], [-1000.0, 0.0], [0.0, 1000.0], [0.0, 2.0]]
 --------- 2022-08-02 15:49:35 --------- 2 seconds -------- 7991.920809821085 [[-1000.0, 0.0], [0.0, 5.0], [-1000.0, 0.0], [0.0, 1000.0], [2.0, 4.0]]
 --------- 2022-08-02 15:49:38 --------- 2 seconds -------- 113.57061231460959 [[-1000.0, 0.0], [0.0, 5.0], [0.0, 1000.0], [-1000.0, 0.0], [0.0, 2.0]]
 --------- 2022-08-02 15:49:40 --------- 2 seconds -------- 33.73933157792079 [[-1000.0, 0.0], [0.0, 5.0], [0.0, 1000.0], [-1000.0, 0.0], [2.0, 4.0]]
 --------- 2022-08-02 15:49:42 --------- 2 seconds -------- 90.84461992981441 [[-1000.0, 0.0], [0.0, 5.0], [0.0, 1000.0], [0.0, 1000.0], [0.0, 2.0]]
 --------- 2022-08-02 15:49:44 --------- 2 seconds -------- 5884.05918387461 [[-1000.0, 0.0], [0.0, 5.0], [0.0, 1000.0], [0.0, 1000.0], [2.0, 4.0]]
 --------- 2022-08-02 15:49:47 --------- 2 seconds -------- 5.469693775894543 [[-1000.0, 0.0], [5.0, 10.0], [-1000.0, 0.0], [-1000.0, 0.0], [0.0, 2.0]]
 --------- 2022-08-02 15:49:49 --------- 2 seconds -------- 5502692.143194246 [[-1000.0, 0.0], [5.0, 10.0], [-1000.0, 0.0], [-1000.0, 0.0], [2.0, 4.0]]
 --------- 2022-08-02 15:49:56 --------- 2 seconds -------- 437.30948466775595 [[-1000.0, 0.0], [0.0, 5.0], [-1000.0, 0.0], [-1000.0, 0.0], [0.0, 2.0]]
 --------- 2022-08-02 15:49:58 --------- 2 seconds -------- 12884.204328586087 [[-1000.0, 0.0], [0.0, 5.0], [-1000.0, 0.0], [-1000.0, 0.0], [2.0, 4.0]]
 --------- 2022-08-02 15:50:00 --------- 2 seconds -------- 14.64752270305888 [[-1000.0, 0.0], [0.0, 5.0], [-1000.0, 0.0], [0.0, 1000.0], [0.0, 2.0]]
 --------- 2022-08-02 15:50:03 --------- 2 seconds -------- 2602.960064741584 [[-1000.0, 0.0], [0.0, 5.0], [-1000.0, 0.0], [0.0, 1000.0], [2.0, 4.0]]
 --------- 2022-08-02 15:50:05 --------- 2 seconds -------- 7.629298783095108 [[-1000.0, 0.0], [0.0, 5.0], [0.0, 1000.0], [-1000.0, 0.0], [0.0, 2.0]]
 --------- 2022-08-02 15:50:07 --------- 2 seconds -------- 2778.948773631407 [[-1000.0, 0.0], [0.0, 5.0], [0.0, 1000.0], [-1000.0, 0.0], [2.0, 4.0]]
 --------- 2022-08-02 15:50:09 --------- 2 seconds -------- 116.04557963879203 [[-1000.0, 0.0], [0.0, 5.0], [0.0, 1000.0], [0.0, 1000.0], [0.0, 2.0]]
 --------- 2022-08-02 15:50:11 --------- 2 seconds -------- 5432.1104221494925 [[-1000.0, 0.0], [0.0, 5.0], [0.0, 1000.0], [0.0, 1000.0], [2.0, 4.0]]
 --------- 2022-08-02 15:50:13 --------- 2 seconds -------- 2.08589855901962 [[-1000.0, 0.0], [5.0, 10.0], [-1000.0, 0.0], [-1000.0, 0.0], [0.0, 2.0]]
 --------- 2022-08-02 15:50:15 --------- 2 seconds -------- 1363027.29790464 [[-1000.0, 0.0], [5.0, 10.0], [-1000.0, 0.0], [-1000.0, 0.0], [2.0, 4.0]]
 --------- 2022-08-02 15:50:17 --------- 2 seconds -------- 0.5897703275962444 [[-1000.0, 0.0], [5.0, 10.0], [-1000.0, 0.0], [0.0, 1000.0], [0.0, 2.0]]
 --------- 2022-08-02 15:50:19 --------- 2 seconds -------- 731006.2262385421 [[-1000.0, 0.0], [5.0, 10.0], [-1000.0, 0.0], [0.0, 1000.0], [2.0, 4.0]]
 --------- 2022-08-02 15:50:22 --------- 2 seconds -------- 0.48593021873958175 [[-1000.0, 0.0], [5.0, 10.0], [0.0, 1000.0], [-1000.0, 0.0], [0.0, 2.0]]
 --------- 2022-08-02 15:50:24 --------- 2 seconds -------- 1383709.1304100896 [[-1000.0, 0.0], [5.0, 10.0], [0.0, 1000.0], [-1000.0, 0.0], [2.0, 4.0]]
 --------- 2022-08-02 15:50:26 --------- 2 seconds -------- 1.2785445599873202 [[-1000.0, 0.0], [5.0, 10.0], [0.0, 1000.0], [0.0, 1000.0], [0.0, 2.0]]
 --------- 2022-08-02 15:50:28 --------- 2 seconds -------- 9015407.779582346 [[-1000.0, 0.0], [5.0, 10.0], [0.0, 1000.0], [0.0, 1000.0], [2.0, 4.0]]
 --------- 2022-08-02 15:50:30 --------- 2 seconds -------- 230.59096623701228 [[0.0, 1000.0], [0.0, 5.0], [-1000.0, 0.0], [-1000.0, 0.0], [0.0, 2.0]]
 --------- 2022-08-02 15:50:32 --------- 2 seconds -------- 12623.959352169755 [[0.0, 1000.0], [0.0, 5.0], [-1000.0, 0.0], [-1000.0, 0.0], [2.0, 4.0]]
 --------- 2022-08-02 15:50:34 --------- 2 seconds -------- 10.98490936100008 [[0.0, 1000.0], [0.0, 5.0], [-1000.0, 0.0], [0.0, 1000.0], [0.0, 2.0]]
 --------- 2022-08-02 15:50:36 --------- 2 seconds -------- 1900.7831280833725 [[0.0, 1000.0], [0.0, 5.0], [-1000.0, 0.0], [0.0, 1000.0], [2.0, 4.0]]
 --------- 2022-08-02 15:50:38 --------- 2 seconds -------- 9.924634930180904 [[0.0, 1000.0], [0.0, 5.0], [0.0, 1000.0], [-1000.0, 0.0], [0.0, 2.0]]
 --------- 2022-08-02 15:50:40 --------- 2 seconds -------- 779.217677670982 [[0.0, 1000.0], [0.0, 5.0], [0.0, 1000.0], [-1000.0, 0.0], [2.0, 4.0]]
 --------- 2022-08-02 15:50:43 --------- 2 seconds -------- 20.643866207752534 [[0.0, 1000.0], [0.0, 5.0], [0.0, 1000.0], [0.0, 1000.0], [0.0, 2.0]]
 --------- 2022-08-02 15:50:45 --------- 2 seconds -------- 19511.610746497005 [[0.0, 1000.0], [0.0, 5.0], [0.0, 1000.0], [0.0, 1000.0], [2.0, 4.0]]
 --------- 2022-08-02 15:50:47 --------- 2 seconds -------- 0.659238238096623 [[0.0, 1000.0], [5.0, 10.0], [-1000.0, 0.0], [-1000.0, 0.0], [0.0, 2.0]]
 --------- 2022-08-02 15:50:49 --------- 2 seconds -------- 3279488.863699981 [[0.0, 1000.0], [5.0, 10.0], [-1000.0, 0.0], [-1000.0, 0.0], [2.0, 4.0]]
 --------- 2022-08-02 15:50:51 --------- 2 seconds -------- 1.7718859400614027 [[0.0, 1000.0], [5.0, 10.0], [-1000.0, 0.0], [0.0, 1000.0], [0.0, 2.0]]
 --------- 2022-08-02 15:50:53 --------- 2 seconds -------- 247224.32242960713 [[0.0, 1000.0], [5.0, 10.0], [-1000.0, 0.0], [0.0, 1000.0], [2.0, 4.0]]
 --------- 2022-08-02 15:50:55 --------- 2 seconds -------- 0.7143033199081509 [[0.0, 1000.0], [5.0, 10.0], [0.0, 1000.0], [-1000.0, 0.0], [0.0, 2.0]]
 --------- 2022-08-02 15:50:57 --------- 2 seconds -------- 845491.0520679697 [[0.0, 1000.0], [5.0, 10.0], [0.0, 1000.0], [-1000.0, 0.0], [2.0, 4.0]]
 --------- 2022-08-02 15:51:00 --------- 2 seconds -------- 5.540224264496592 [[0.0, 1000.0], [5.0, 10.0], [0.0, 1000.0], [0.0, 1000.0], [0.0, 2.0]]
 --------- 2022-08-02 15:51:02 --------- 2 seconds -------- 4067708.527844678 [[0.0, 1000.0], [5.0, 10.0], [0.0, 1000.0], [0.0, 1000.0], [2.0, 4.0]]
 --------- 2022-08-02 15:51:04 --------- 2 seconds -------- 0.5027836419305227 [[-1000.0, 0.0], [5.0, 10.0], [0.0, 1000.0], [-1000.0, 0.0], [0.0, 2.0]]
 --------- 2022-08-02 15:51:06 --------- 2 seconds -------- 0.4748920596543399 [[-1000.0, 0.0], [5.0, 10.0], [-1000.0, 0.0], [0.0, 1000.0], [0.0, 2.0]]
 --------- 2022-08-02 15:51:08 --------- 2 seconds -------- 2.6424366996480724 [[0.0, 1000.0], [5.0, 10.0], [-1000.0, 0.0], [-1000.0, 0.0], [0.0, 2.0]]
 --------- 2022-08-02 15:51:10 --------- 2 seconds -------- 0.5434725451975335 [[0.0, 1000.0], [5.0, 10.0], [0.0, 1000.0], [-1000.0, 0.0], [0.0, 2.0]]
 --------- 2022-08-02 15:51:12 --------- 2 seconds -------- 0.5146663475149131 [[-1000.0, 0.0], [5.0, 10.0], [0.0, 1000.0], [0.0, 1000.0], [0.0, 2.0]]
 --------- 2022-08-02 15:51:18 --------- 2 seconds -------- 8.662761131388741 [[-1000.0, 0.0], [0.0, 5.0], [-1000.0, 0.0], [-1000.0, 0.0], [0.0, 2.0]]
 --------- 2022-08-02 15:51:20 --------- 2 seconds -------- 8167.757675959197 [[-1000.0, 0.0], [0.0, 5.0], [-1000.0, 0.0], [-1000.0, 0.0], [2.0, 4.0]]
 --------- 2022-08-02 15:51:22 --------- 2 seconds -------- 18.046935882795466 [[-1000.0, 0.0], [0.0, 5.0], [-1000.0, 0.0], [0.0, 1000.0], [0.0, 2.0]]
 --------- 2022-08-02 15:51:24 --------- 2 seconds -------- 317.50420595323743 [[-1000.0, 0.0], [0.0, 5.0], [-1000.0, 0.0], [0.0, 1000.0], [2.0, 4.0]]
 --------- 2022-08-02 15:51:27 --------- 2 seconds -------- 3.7099241044148425 [[-1000.0, 0.0], [0.0, 5.0], [0.0, 1000.0], [-1000.0, 0.0], [0.0, 2.0]]
 --------- 2022-08-02 15:51:32 --------- 2 seconds -------- 72.82340725829796 [[-1000.0, 0.0], [0.0, 5.0], [-1000.0, 0.0], [-1000.0, 0.0], [0.0, 2.0]]
 --------- 2022-08-02 15:51:34 --------- 2 seconds -------- 4255.920522504606 [[-1000.0, 0.0], [0.0, 5.0], [-1000.0, 0.0], [-1000.0, 0.0], [2.0, 4.0]]
 --------- 2022-08-02 15:51:36 --------- 2 seconds -------- 13.104211967427698 [[-1000.0, 0.0], [0.0, 5.0], [-1000.0, 0.0], [0.0, 1000.0], [0.0, 2.0]]
 --------- 2022-08-02 15:51:39 --------- 2 seconds -------- 230.512446373277 [[-1000.0, 0.0], [0.0, 5.0], [-1000.0, 0.0], [0.0, 1000.0], [2.0, 4.0]]
 --------- 2022-08-02 15:51:41 --------- 2 seconds -------- 7.852905809860178 [[-1000.0, 0.0], [0.0, 5.0], [0.0, 1000.0], [-1000.0, 0.0], [0.0, 2.0]]
 --------- 2022-08-02 15:51:43 --------- 2 seconds -------- 1765.9395835248092 [[-1000.0, 0.0], [0.0, 5.0], [0.0, 1000.0], [-1000.0, 0.0], [2.0, 4.0]]
 --------- 2022-08-02 15:51:45 --------- 2 seconds -------- 29.27283573688182 [[-1000.0, 0.0], [0.0, 5.0], [0.0, 1000.0], [0.0, 1000.0], [0.0, 2.0]]
 --------- 2022-08-02 15:51:47 --------- 2 seconds -------- 10312.390709782 [[-1000.0, 0.0], [0.0, 5.0], [0.0, 1000.0], [0.0, 1000.0], [2.0, 4.0]]
 --------- 2022-08-02 15:51:53 --------- 2 seconds -------- 16.490647238423033 [[-1000.0, 0.0], [0.0, 5.0], [-1000.0, 0.0], [-1000.0, 0.0], [0.0, 2.0]]
 --------- 2022-08-02 15:51:56 --------- 2 seconds -------- 3207.233568274005 [[-1000.0, 0.0], [0.0, 5.0], [-1000.0, 0.0], [-1000.0, 0.0], [2.0, 4.0]]
 --------- 2022-08-02 15:51:59 --------- 2 seconds -------- 2.4334481433013613 [[-1000.0, 0.0], [0.0, 5.0], [-1000.0, 0.0], [0.0, 1000.0], [0.0, 2.0]]
 --------- 2022-08-02 15:52:02 --------- 2 seconds -------- 14.397351118342277 [[-1000.0, 0.0], [0.0, 5.0], [-1000.0, 0.0], [0.0, 1000.0], [2.0, 4.0]]
 --------- 2022-08-02 15:52:05 --------- 2 seconds -------- 0.5466129830622304 [[-1000.0, 0.0], [0.0, 5.0], [0.0, 1000.0], [-1000.0, 0.0], [0.0, 2.0]]
 --------- 2022-08-02 15:52:08 --------- 2 seconds -------- 106.45803351038846 [[-1000.0, 0.0], [0.0, 5.0], [0.0, 1000.0], [-1000.0, 0.0], [2.0, 4.0]]
 --------- 2022-08-02 15:52:11 --------- 2 seconds -------- 21.197830708502863 [[-1000.0, 0.0], [0.0, 5.0], [0.0, 1000.0], [0.0, 1000.0], [0.0, 2.0]]
 --------- 2022-08-02 15:52:14 --------- 2 seconds -------- 1610.977876675027 [[-1000.0, 0.0], [0.0, 5.0], [0.0, 1000.0], [0.0, 1000.0], [2.0, 4.0]]
 --------- 2022-08-02 15:52:16 --------- 2 seconds -------- 0.4855147322161118 [[-1000.0, 0.0], [5.0, 10.0], [-1000.0, 0.0], [-1000.0, 0.0], [0.0, 2.0]]
 --------- 2022-08-02 15:52:39 --------- 3 seconds -------- 3.0213317087172666 [[-1000.0, 0.0], [0.0, 5.0], [-1000.0, 0.0], [-1000.0, 0.0], [0.0, 2.0]]
 --------- 2022-08-02 15:52:42 --------- 3 seconds -------- 984.2780384616711 [[-1000.0, 0.0], [0.0, 5.0], [-1000.0, 0.0], [-1000.0, 0.0], [2.0, 4.0]]
 --------- 2022-08-02 15:52:46 --------- 3 seconds -------- 0.5125007114823671 [[-1000.0, 0.0], [0.0, 5.0], [-1000.0, 0.0], [0.0, 1000.0], [0.0, 2.0]]
 --------- 2022-08-02 15:52:50 --------- 3 seconds -------- 218.03634888725912 [[-1000.0, 0.0], [0.0, 5.0], [-1000.0, 0.0], [0.0, 1000.0], [2.0, 4.0]]
 --------- 2022-08-02 15:52:54 --------- 3 seconds -------- 0.3800243001370877 [[-1000.0, 0.0], [0.0, 5.0], [0.0, 1000.0], [-1000.0, 0.0], [0.0, 2.0]]
 --------- 2022-08-02 15:52:58 --------- 3 seconds -------- 170.05952532657673 [[-1000.0, 0.0], [0.0, 5.0], [0.0, 1000.0], [-1000.0, 0.0], [2.0, 4.0]]
 --------- 2022-08-02 15:53:07 --------- 4 seconds -------- 2.2540968143834017 [[-1000.0, 0.0], [0.0, 5.0], [-1000.0, 0.0], [-1000.0, 0.0], [0.0, 2.0]]
 --------- 2022-08-02 15:53:12 --------- 4 seconds -------- 159.53229624968054 [[-1000.0, 0.0], [0.0, 5.0], [-1000.0, 0.0], [-1000.0, 0.0], [2.0, 4.0]]
 --------- 2022-08-02 15:53:17 --------- 4 seconds -------- 2.2601704389558375 [[-1000.0, 0.0], [0.0, 5.0], [-1000.0, 0.0], [0.0, 1000.0], [0.0, 2.0]]
 --------- 2022-08-02 15:53:21 --------- 4 seconds -------- 123.62722272130829 [[-1000.0, 0.0], [0.0, 5.0], [-1000.0, 0.0], [0.0, 1000.0], [2.0, 4.0]]
 --------- 2022-08-02 15:53:26 --------- 4 seconds -------- 1.0031805616803513 [[-1000.0, 0.0], [0.0, 5.0], [0.0, 1000.0], [-1000.0, 0.0], [0.0, 2.0]]
 --------- 2022-08-02 15:53:31 --------- 4 seconds -------- 20.849318172464585 [[-1000.0, 0.0], [0.0, 5.0], [0.0, 1000.0], [-1000.0, 0.0], [2.0, 4.0]]
 --------- 2022-08-02 15:53:36 --------- 4 seconds -------- 5.382269852895015 [[-1000.0, 0.0], [0.0, 5.0], [0.0, 1000.0], [0.0, 1000.0], [0.0, 2.0]]
 --------- 2022-08-02 15:53:41 --------- 4 seconds -------- 2631.9486370623704 [[-1000.0, 0.0], [0.0, 5.0], [0.0, 1000.0], [0.0, 1000.0], [2.0, 4.0]]
 --------- 2022-08-02 15:53:46 --------- 4 seconds -------- 0.48546315209793767 [[-1000.0, 0.0], [5.0, 10.0], [-1000.0, 0.0], [-1000.0, 0.0], [0.0, 2.0]]
 --------- 2022-08-02 15:53:51 --------- 4 seconds -------- 122866.67592306646 [[-1000.0, 0.0], [5.0, 10.0], [-1000.0, 0.0], [-1000.0, 0.0], [2.0, 4.0]]
 --------- 2022-08-02 15:53:56 --------- 4 seconds -------- 0.4742492570136851 [[-1000.0, 0.0], [5.0, 10.0], [-1000.0, 0.0], [0.0, 1000.0], [0.0, 2.0]]
 --------- 2022-08-02 15:54:01 --------- 4 seconds -------- 3842.102368854235 [[-1000.0, 0.0], [5.0, 10.0], [-1000.0, 0.0], [0.0, 1000.0], [2.0, 4.0]]
 --------- 2022-08-02 15:54:06 --------- 4 seconds -------- 0.47034904136655714 [[-1000.0, 0.0], [5.0, 10.0], [0.0, 1000.0], [-1000.0, 0.0], [0.0, 2.0]]
 --------- 2022-08-02 15:54:11 --------- 4 seconds -------- 36689.29307676219 [[-1000.0, 0.0], [5.0, 10.0], [0.0, 1000.0], [-1000.0, 0.0], [2.0, 4.0]]
 --------- 2022-08-02 15:54:16 --------- 4 seconds -------- 0.5579559653870267 [[-1000.0, 0.0], [5.0, 10.0], [0.0, 1000.0], [0.0, 1000.0], [0.0, 2.0]]
 --------- 2022-08-02 15:54:21 --------- 4 seconds -------- 26797.55175927686 [[-1000.0, 0.0], [5.0, 10.0], [0.0, 1000.0], [0.0, 1000.0], [2.0, 4.0]]
 --------- 2022-08-02 15:54:26 --------- 4 seconds -------- 11.463334466465714 [[0.0, 1000.0], [0.0, 5.0], [-1000.0, 0.0], [-1000.0, 0.0], [0.0, 2.0]]
 --------- 2022-08-02 15:54:30 --------- 4 seconds -------- 740.3119582595783 [[0.0, 1000.0], [0.0, 5.0], [-1000.0, 0.0], [-1000.0, 0.0], [2.0, 4.0]]
 --------- 2022-08-02 15:54:35 --------- 4 seconds -------- 1.1403381539998396 [[0.0, 1000.0], [0.0, 5.0], [-1000.0, 0.0], [0.0, 1000.0], [0.0, 2.0]]
 --------- 2022-08-02 15:54:40 --------- 4 seconds -------- 33.3504187079791 [[0.0, 1000.0], [0.0, 5.0], [-1000.0, 0.0], [0.0, 1000.0], [2.0, 4.0]]
 --------- 2022-08-02 15:54:45 --------- 4 seconds -------- 0.5228075380757838 [[0.0, 1000.0], [0.0, 5.0], [0.0, 1000.0], [-1000.0, 0.0], [0.0, 2.0]]
 --------- 2022-08-02 15:54:50 --------- 4 seconds -------- 12.242209053426025 [[0.0, 1000.0], [0.0, 5.0], [0.0, 1000.0], [-1000.0, 0.0], [2.0, 4.0]]
 --------- 2022-08-02 15:54:55 --------- 4 seconds -------- 4.496260900338466 [[0.0, 1000.0], [0.0, 5.0], [0.0, 1000.0], [0.0, 1000.0], [0.0, 2.0]]
 --------- 2022-08-02 15:55:00 --------- 4 seconds -------- 1466.5005968827302 [[0.0, 1000.0], [0.0, 5.0], [0.0, 1000.0], [0.0, 1000.0], [2.0, 4.0]]
 --------- 2022-08-02 15:55:05 --------- 4 seconds -------- 0.5784585199429878 [[0.0, 1000.0], [5.0, 10.0], [-1000.0, 0.0], [-1000.0, 0.0], [0.0, 2.0]]
 --------- 2022-08-02 15:55:10 --------- 4 seconds -------- 234465.9340853791 [[0.0, 1000.0], [5.0, 10.0], [-1000.0, 0.0], [-1000.0, 0.0], [2.0, 4.0]]
 --------- 2022-08-02 15:55:15 --------- 4 seconds -------- 0.46982464915873673 [[0.0, 1000.0], [5.0, 10.0], [-1000.0, 0.0], [0.0, 1000.0], [0.0, 2.0]]
