Geração: 10 - Melhor: 0.511779422046491 - Valores: [50.88160701822517, 88.77542205331395, 468.3091229872924, -32.89130017072898, -98.14992176750008]
Geração: 20 - Melhor: 0.511779422046491 - Valores: [-194.92878380388092, -55.69979853746088, 134.102836344063, -195.75923533349533, 70.69295640075995]
Geração: 30 - Melhor: 0.511779422046491 - Valores: [-187.7860727433409, -145.27100061428223, 134.10283634289576, 33.53652839369573, 70.69295640000853]
Geração: 10 - Melhor: 0.07673455532776703 - Valores: [-121.09691133328641, 0.11042984025277747, 494.0520819537419, -496.3522515279777, -78.20904203807561]
Geração: 10 - Melhor: 0.18996825567409045 - Valores: [-190.55519521132794, -0.19240553460412002, 13.377986905156376, 67.73605197529128, 70.33530935668546]
Geração: 20 - Melhor: 0.16249990643576234 - Valores: [-190.66800789910525, -0.19122179237426218, 13.868431088551677, 108.01108366284565, 73.29929508422171]
Geração: 30 - Melhor: 0.13440358172938077 - Valores: [-190.31003999764667, -0.12703352772872856, 20.95222248182823, 163.34858385383265, 115.92988467489954]
Geração: 40 - Melhor: 0.09221864841669637 - Valores: [-300.27448821501, -0.11986283963208792, 26.212740123827878, 165.3243652416278, 126.85296947195562]
Geração: 50 - Melhor: 0.08385531619453977 - Valores: [-320.69056829367577, -0.08835600349468556, 45.03510311386225, 333.48462837164345, 181.52625087574773]
Geração: 60 - Melhor: 0.06304764851736742 - Valores: [-384.2280740814326, -0.08549552070530943, 33.36094223355485, 327.831748747712, 190.69133157836205]
Geração: 70 - Melhor: 0.06219550279274327 - Valores: [-430.9837915279185, -0.07128991264875502, 61.179463317183426, 396.00750786654066, 235.6394055363013]
Geração: 80 - Melhor: 0.04775009309008239 - Valores: [-501.12791379353337, -0.06306647403238666, 84.29395094542072, 588.8988615875899, 276.85241217003244]
Geração: 90 - Melhor: 0.04775006510800133 - Valores: [-529.4529961816587, -0.05592692566873629, 79.78140491459799, 732.5212118996775, 318.23363566451474]
Geração: 100 - Melhor: 0.04023533720728603 - Valores: [-585.4310151464741, -0.0479059429222028, 84.94919516402898, 1303.9474551926482, 388.0218258269163]
Geração: 110 - Melhor: 0.03813915537390406 - Valores: [-446.02864984292466, -0.035900738735316094, 96.59174742709041, 2529.7704805156645, 539.5942147762557]
Geração: 120 - Melhor: 0.03625583836627059 - Valores: [-550.8238476704358, -0.03849921314702237, 77.66034141868028, 2519.1223911154316, 506.1595409378726]
Geração: 130 - Melhor: 0.028426770282249245 - Valores: [-720.1568619307336, -0.03189392670523338, 207.50669460315748, 3801.6571495857556, 637.1527442405354]
Geração: 140 - Melhor: 0.02842670946331151 - Valores: [-720.156861931726, -0.03189392761411231, 207.50669460221548, 3801.657149584802, 637.1527442395924]
Geração: 150 - Melhor: 0.02775381357683288 - Valores: [-668.6997447444111, -0.03581478433361908, 222.34807360091327, 3349.777812629796, 560.2087805552906]
Geração: 160 - Melhor: 0.02775379003615575 - Valores: [-935.8661715068156, -0.024733929086267308, 185.5942152726202, 9487.652280729137, 879.7108301066266]
Geração: 170 - Melhor: 0.027753766244049675 - Valores: [-811.7214964680572, -0.028685373953567322, 377.475140945815, 6865.427040573637, 740.8618202931875]
Geração: 180 - Melhor: 0.0218913873361488 - Valores: [-1108.992892270922, -0.028864008000844724, 92.68888150303448, 13666.75454293022, 770.6651132186585]
Geração: 190 - Melhor: 0.021891479592044783 - Valores: [-813.6469517265161, -0.025418046419947417, 178.7001396121469, 6673.774079519403, 838.3823375335913]
Geração: 200 - Melhor: 0.02099664888678241 - Valores: [-998.3547497507946, -0.019104629173175958, 680.8509220843289, 14036.041859023888, 1179.652331490703]
Geração: 210 - Melhor: 0.0209967950370342 - Valores: [-1209.6177660822475, -0.021975607155671442, 720.3740943554329, 19132.40717202674, 1044.7646808650134]
Geração: 220 - Melhor: 0.018437477379129888 - Valores: [-1209.686355340912, -0.021220652390168043, 251.86180473441055, 18621.414116598284, 1079.6181356126326]
Geração: 230 - Melhor: 0.017361564536873406 - Valores: [-1397.0779423343115, -0.018744151521413618, 1006.5636718510227, 29428.60158524477, 1264.966845258779]
Geração: 240 - Melhor: 0.0173617059314565 - Valores: [-1652.983483083422, -0.014486877363840599, 1242.9404776391034, 53014.27844657766, 1709.0668644856466]
Geração: 250 - Melhor: 0.01625307441513623 - Valores: [-1468.4090035116558, -0.014650407198519219, 702.2406055507361, 41275.54037553097, 1659.150559517987]
Geração: 260 - Melhor: 0.016253055534745223 - Valores: [-1468.409003512435, -0.014650408005315935, 702.2406055500871, 41275.54037553016, 1659.1505595169901]
Geração: 270 - Melhor: 0.01625303668150099 - Valores: [-1468.409003513214, -0.014650408812112641, 702.2406055494382, 41275.54037552935, 1659.1505595159936]
Geração: 280 - Melhor: 0.016253017855403767 - Valores: [-1468.409003513993, -0.014650409618909337, 702.2406055487893, 41275.54037552854, 1659.150559514997]
Geração: 290 - Melhor: 0.016252999056453395 - Valores: [-1661.066002087026, -0.014758086756790013, 2198.051008722249, 52474.628682672526, 1676.2640658943387]
Geração: 300 - Melhor: 0.014241332648251325 - Valores: [-1642.04088313492, -0.015033115858228297, 1914.1068563574822, 54161.67374164101, 1644.2119237427428]
Geração: 310 - Melhor: 0.014241104606705536 - Valores: [-1459.0714334866118, -0.01436528768008196, 1554.3407528823125, 51848.46120778487, 1711.3518487725785]
Geração: 320 - Melhor: 0.013113191569546318 - Valores: [-1645.500519071686, -0.014365296201882299, 1600.8924493993798, 50651.21964928649, 1719.7292350344326]
Geração: 330 - Melhor: 0.012578782811702306 - Valores: [-2257.2709276812134, -0.009785145315631846, 4227.688827061023, 141276.4416263705, 2708.173563764732]
Geração: 340 - Melhor: 0.012572395436747269 - Valores: [-2452.5981465070768, -0.0100638340661147, 4767.365694155246, 169226.63370763836, 2653.1499818199823]
Geração: 350 - Melhor: 0.012572229611347135 - Valores: [-3070.3631579741264, -0.008977461501955011, 6571.77004500738, 387440.20813447435, 3107.309875651983]
Geração: 360 - Melhor: 0.01257206363816166 - Valores: [-3070.3631579754524, -0.008977462022190729, 6571.77004500616, 387440.2081344731, 3107.3098756508753]
Geração: 370 - Melhor: 0.011568130497041015 - Valores: [-2654.245730188073, -0.009118422831486188, 4032.1858126071893, 285167.3923735492, 3010.190550259599]
Geração: 380 - Melhor: 0.011568377749448328 - Valores: [-2227.433014272442, -0.010271403397029717, 3953.3150581382647, 118065.22606971873, 2552.1208512558596]
Geração: 390 - Melhor: 0.011568642391804345 - Valores: [-2654.245730189693, -0.009118424687117753, 4032.185812605485, 285167.3923735474, 3010.190550257704]
Geração: 400 - Melhor: 0.011568913575468 - Valores: [-2654.2457301903773, -0.00911842567968313, 4032.185812604648, 285167.3923735465, 3010.190550256807]
Geração: 410 - Melhor: 0.01123791196195725 - Valores: [-2941.4373577415604, -0.010326862878791775, 7809.501005128696, 499293.26674277947, 2711.8165058121103]
Geração: 420 - Melhor: 0.010830594280758795 - Valores: [-2941.4373577423053, -0.010326864118756218, 7809.501005127488, 499293.2667427785, 2711.8165058112777]
Geração: 430 - Melhor: 0.010414981774448407 - Valores: [-2989.5059255923793, -0.008926036282801836, 1759.1002809784636, 386888.27790143376, 3122.4517249528676]
Geração: 440 - Melhor: 0.011239109823498246 - Valores: [-3373.2512728348865, -0.008957675474698388, 6758.776405284961, 397730.72093980154, 3131.9861250105605]
Geração: 450 - Melhor: 0.011239607663566072 - Valores: [-3373.2512728356696, -0.008957676555410798, 6758.776405283762, 397730.72093980084, 3131.9861250096646]
Geração: 460 - Melhor: 0.0099476070791598 - Valores: [-4359.576631068029, -0.007086743959051753, 3476.371609955592, 790933.9059725908, 4129.158966891454]
Geração: 470 - Melhor: 0.009807122967626375 - Valores: [-4502.639286817321, -0.006459347461904164, 10307.944042062169, 1720926.9253630352, 4674.9517464042065]
Geração: 480 - Melhor: 0.009175051508754268 - Valores: [-3655.5687774771372, -0.007103985644385684, 3968.623204217491, 828656.747540344, 4095.9058201041244]
Geração: 490 - Melhor: 0.009174757207045992 - Valores: [-4503.573619070315, -0.007181411369714083, 8880.364173788821, 1033680.8937521679, 4113.220039344342]
Geração: 500 - Melhor: 0.009174463153560465 - Valores: [-4310.090282356886, -0.007529424840226878, 4014.1090487330066, 1189829.2343412645, 3929.3994733849877]
Geração: 510 - Melhor: 0.009174123071369613 - Valores: [-5514.5170461627995, -0.005199946130980815, 9918.964865653401, 2443135.0230575907, 5953.33143043801]
Geração: 520 - Melhor: 0.009173732592857196 - Valores: [-5514.517046163834, -0.0051999468022504, 9918.964865652431, 2443135.0230575893, 5953.331430436927]
Geração: 530 - Melhor: 0.009173297122108025 - Valores: [-5514.517046164821, -0.005199947551759581, 9918.964865651522, 2443135.0230575884, 5953.331430435893]
Geração: 540 - Melhor: 0.009172862199400722 - Valores: [-5514.517046165809, -0.005199948301268724, 9918.964865650612, 2443135.0230575874, 5953.331430434859]
Geração: 550 - Melhor: 0.009172427824805067 - Valores: [-5514.517046166797, -0.0051999490507778304, 9918.964865649703, 2443135.0230575865, 5953.3314304338255]
Geração: 560 - Melhor: 0.009171993998391187 - Valores: [-6243.819464451815, -0.005723377833012143, 14547.437140469126, 3350276.389895631, 5475.868498521909]
Geração: 570 - Melhor: 0.009171497881842194 - Valores: [-7308.910194129662, -0.004049873819168897, 19665.713421188662, 4785193.685768548, 7962.001354570198]
Geração: 580 - Melhor: 0.00917093397417158 - Valores: [-5514.517046169344, -0.0051999516356615585, 9918.964865647133, 2443135.023057584, 5953.331430430877]
Geração: 590 - Melhor: 0.008030124023337169 - Valores: [-6988.0520330632135, -0.005338342708543962, 15597.451586173976, 4921506.780257613, 5975.876871579618]
Geração: 600 - Melhor: 0.008029766467978903 - Valores: [-6988.052033064199, -0.005338343757656289, 15597.451586173229, 4921506.780257612, 5975.876871578742]
Geração: 610 - Melhor: 0.008029409519841352 - Valores: [-5532.540176045061, -0.005919177104148872, 10106.196908712202, 2406316.443272097, 5207.062919385688]
Geração: 620 - Melhor: 0.008029053178998094 - Valores: [-5532.540176045604, -0.005919178367190008, 10106.196908711605, 2406316.443272096, 5207.062919384882]
Geração: 630 - Melhor: 0.00802869744552119 - Valores: [-5532.540176046147, -0.005919179630231206, 10106.196908711008, 2406316.443272095, 5207.062919384076]
Geração: 640 - Melhor: 0.008028342319483161 - Valores: [-5532.54017604669, -0.005919180893272466, 10106.196908710412, 2406316.4432720942, 5207.06291938327]
Geração: 650 - Melhor: 0.008027987800955505 - Valores: [-7464.283438067573, -0.0038885095284492345, 30065.657089322864, 6930327.989563012, 8401.315076300041]
Geração: 660 - Melhor: 0.008015315876708015 - Valores: [-7464.283438068449, -0.0038885101064163137, 30065.657089322038, 6930327.989563012, 8401.31507629897]
Geração: 670 - Melhor: 0.00801470968284252 - Valores: [-7464.283438069263, -0.0038885110710734903, 30065.657089321267, 6930327.989563011, 8401.315076297979]
Geração: 680 - Melhor: 0.008014105711298436 - Valores: [-7720.267266341254, -0.003878692336640902, 21444.96066680486, 9724583.766855316, 8516.301959408527]
Geração: 690 - Melhor: 0.008013458876217756 - Valores: [-7720.267266342011, -0.0038786933695959995, 21444.960666804225, 9724583.766855316, 8516.3019594076]
Geração: 700 - Melhor: 0.008012814610722709 - Valores: [-7720.2672663427675, -0.003878694402551103, 21444.960666803592, 9724583.766855316, 8516.301959406672]
Geração: 710 - Melhor: 0.008012172915363753 - Valores: [-7720.267266343524, -0.0038786954355062124, 21444.96066680296, 9724583.766855316, 8516.301959405744]
Geração: 720 - Melhor: 0.007012527684084136 - Valores: [-10997.809248381549, -0.0026715896827971992, 99753.26005520216, 28506414.48032088, 13057.594849094654]
Geração: 730 - Melhor: 0.007012141682618685 - Valores: [-10997.809248382875, -0.002671590202153471, 99753.26005520095, 28506414.48032088, 13057.594849093552]
Geração: 740 - Melhor: 0.007011717842870519 - Valores: [-10997.809248384083, -0.0026715907750931227, 99753.26005519975, 28506414.48032088, 13057.594849092457]
Geração: 750 - Melhor: 0.0070112960774415 - Valores: [-9241.282160064358, -0.003852691727546838, 64175.5111882775, 15075729.243280113, 8746.320867005152]
Geração: 760 - Melhor: 0.007010874777055059 - Valores: [-9241.282160065068, -0.003852692953297124, 64175.51118827666, 15075729.243280113, 8746.320867004326]
Geração: 770 - Melhor: 0.007148649642341528 - Valores: [-9241.282160065766, -0.0038526940229508654, 64175.511188275814, 15075729.243280113, 8746.32086700349]
Geração: 780 - Melhor: 0.007148257833406551 - Valores: [-13400.946043996177, -0.0028761052146281667, 8328.408404636055, 55624697.9741532, 12427.64579780353]
Geração: 790 - Melhor: 0.007147867479757339 - Valores: [-14579.601433241414, -0.002972401746807801, 265963.16034634435, 69351255.68115689, 12103.790267393042]
Geração: 800 - Melhor: 0.007147478582801849 - Valores: [-14258.429799070029, -0.0029887004309162284, 315768.32282881986, 74323338.70081127, 12041.18084741324]
Geração: 810 - Melhor: 0.007147091142148184 - Valores: [-13112.04390897638, -0.002835202272772503, 159972.5759527607, 41663285.73669594, 12482.104719835832]
Geração: 820 - Melhor: 0.007146705142784542 - Valores: [-16289.970084326653, -0.002836806302507185, 250323.63222296315, 143298074.61334532, 12996.551880458299]
Geração: 830 - Melhor: 0.007146077011253146 - Valores: [-19064.51748579476, -0.002880096227461883, 351177.8981067575, 165167760.3217078, 12918.902210552162]
Geração: 840 - Melhor: 0.00714543371172325 - Valores: [-19064.51748579601, -0.002880097106352636, 351177.8981067562, 165167760.3217078, 12918.902210551123]
Geração: 850 - Melhor: 0.00714479455268231 - Valores: [-19064.517485797252, -0.0028800979852433646, 351177.89810675505, 165167760.3217078, 12918.902210550084]
Geração: 860 - Melhor: 0.007144159535106584 - Valores: [-19064.517485798497, -0.0028800988641340683, 351177.89810675377, 165167760.3217078, 12918.902210549048]
Geração: 870 - Melhor: 0.0071435286599661595 - Valores: [-19064.51748579974, -0.0028800997430247473, 351177.8981067525, 165167760.3217078, 12918.902210548009]
Geração: 880 - Melhor: 0.007142901928223308 - Valores: [-19064.517485800985, -0.0028801006219154016, 351177.89810675127, 165167760.3217078, 12918.90221054697]
Geração: 890 - Melhor: 0.007142279340834275 - Valores: [-19064.51748580223, -0.0028801015008060307, 351177.89810675, 165167760.3217078, 12918.902210545932]
Geração: 900 - Melhor: 0.007141660898748351 - Valores: [-19064.517485803473, -0.0028801023796966355, 351177.8981067487, 165167760.3217078, 12918.902210544893]
Geração: 910 - Melhor: 0.0066162374795491275 - Valores: [-14579.601433251828, -0.002972411784410958, 265963.16034633137, 69351255.6811569, 12103.790267380902]
Geração: 920 - Melhor: 0.006616742038477602 - Valores: [-21302.14707253363, -0.0026937591240395343, 467619.263417846, 221585391.09070283, 14009.783463331154]
Geração: 930 - Melhor: 0.006617249830666611 - Valores: [-21302.14707253487, -0.0026937599962729305, 467619.2634178447, 221585391.09070283, 14009.783463330206]
Geração: 940 - Melhor: 0.006617760855277842 - Valores: [-19064.517485807854, -0.0028801062449098393, 351177.8981067443, 165167760.3217078, 12918.902210541157]
Geração: 950 - Melhor: 0.006618405615737124 - Valores: [-19064.517485808865, -0.002880107371731669, 351177.8981067433, 165167760.3217078, 12918.902210540273]
Geração: 960 - Melhor: 0.00661905658000591 - Valores: [-24038.314983124037, -0.0021445925540127483, 686939.3069924228, 290496208.0243321, 17850.878095846176]
Geração: 970 - Melhor: 0.006619727128958251 - Valores: [-19064.517485810502, -0.0028801096491176633, 351177.89810674154, 165167760.3217078, 12918.90221053853]
Geração: 980 - Melhor: 0.006620418016746439 - Valores: [-19064.51748581126, -0.002880110852216986, 351177.8981067407, 165167760.3217078, 12918.902210537697]
Geração: 990 - Melhor: 0.006621119665384528 - Valores: [-21825.85215919058, -0.0019318747976112645, 787372.5468193778, 526209188.5305018, 20185.607813938055]
Geração: 1000 - Melhor: 0.006621857199702946 - Valores: [-26818.988148353088, -0.00293782758068496, 542962.1550418513, 912953107.7573775, 13390.611226412446]
Geração: 1010 - Melhor: 0.006622571066584031 - Valores: [-26818.988148354176, -0.0029378288471993558, 542962.1550418504, 912953107.7573775, 13390.611226411615]
Geração: 1020 - Melhor: 0.00662329056852296 - Valores: [-26818.98814835526, -0.00293783011371388, 542962.1550418495, 912953107.7573775, 13390.611226410781]
Geração: 1030 - Melhor: 0.006624015703475342 - Valores: [-33460.96427495759, -0.002210575390991051, 698372.6277240859, 924125738.2878845, 17967.715108365093]
Geração: 1040 - Melhor: 0.006420930947507549 - Valores: [-22079.487239801583, -0.0022702206679089377, 560575.1475607288, 299583040.0755067, 16785.20397462543]
Geração: 1050 - Melhor: 0.006420439110065103 - Valores: [-36239.8409395177, -0.001927812441490849, 643426.8088253232, 1542944526.1289485, 21074.516683992588]
Geração: 1060 - Melhor: 0.006419951879562838 - Valores: [-31697.28363179449, -0.0019174489702165488, 919718.8275367124, 1541346175.6942966, 21114.69094849581]
Geração: 1070 - Melhor: 0.006419469256894424 - Valores: [-31697.283631795275, -0.001917449476073342, 919718.8275367112, 1541346175.6942966, 21114.69094849471]
Geração: 1080 - Melhor: 0.006418991242944717 - Valores: [-31883.06187556291, -0.0020377472214241563, 661624.7710738758, 1202908052.6832387, 19652.923725129673]
Geração: 1090 - Melhor: 0.006418517838588509 - Valores: [-45134.182227704965, -0.0029562841514624793, 1256976.4103178487, 2903060676.871445, 13902.662051993557]
Geração: 1100 - Melhor: 0.0101950458442063 - Valores: [-45134.182227706195, -0.0029562854224987017, 1256976.4103178475, 2903060676.871445, 13902.662051992731]
Geração: 1110 - Melhor: 0.010199100048260318 - Valores: [-45134.18222770741, -0.002956286690179423, 1256976.4103178466, 2903060676.8714457, 13902.662051991905]
Geração: 1120 - Melhor: 0.010203155255230432 - Valores: [-50838.950298549185, -0.002720501041184622, 1930194.3232673758, 4471700358.763069, 15330.344900436323]
Geração: 1130 - Melhor: 0.009618470500653013 - Valores: [-51182.96508152521, -0.00217294386056636, 1968534.2892126243, 4775369880.16041, 19336.01905170935]
Geração: 1140 - Melhor: 0.009613236940283511 - Valores: [-50838.95029855168, -0.002720503335189419, 1930194.3232673737, 4471700358.763069, 15330.344900434593]
Geração: 1150 - Melhor: 0.00628561692232163 - Valores: [-40625.75121036014, -0.002011723630004959, 982729.5053121054, 1557778308.6558995, 20232.114112390354]
Geração: 1160 - Melhor: 0.006285645974242293 - Valores: [-40625.7512103607, -0.0020117243264109828, 982729.5053121047, 1557778308.6558995, 20232.114112389383]
Geração: 1170 - Melhor: 0.0062856811564907 - Valores: [-40625.75121036126, -0.002011725022816847, 982729.505312104, 1557778308.6558995, 20232.114112388408]
Geração: 1180 - Melhor: 0.006285722468731646 - Valores: [-46081.2033230863, -0.001990752867396052, 1420386.341989114, 3148961621.3113003, 20863.052558565447]
Geração: 1190 - Melhor: 0.006285810232852087 - Valores: [-46081.203323086884, -0.0019907539296421238, 1420386.3419891133, 3148961621.3113003, 20863.052558564512]
Geração: 1200 - Melhor: 0.006285917047577775 - Valores: [-46081.20332308746, -0.0019907549918882148, 1420386.3419891126, 3148961621.3113003, 20863.052558563584]
Geração: 1210 - Melhor: 0.006286042910712605 - Valores: [-46081.20332308803, -0.001990756054134325, 1420386.3419891116, 3148961621.3113003, 20863.052558562653]
Geração: 1220 - Melhor: 0.0062861878198878325 - Valores: [-46081.20332308861, -0.001990757116380454, 1420386.3419891107, 3148961621.3113003, 20863.05255856172]
Geração: 1230 - Melhor: 0.006286351772562791 - Valores: [-46081.20332308918, -0.0019907581786266022, 1420386.3419891102, 3148961621.3113003, 20863.05255856079]
Geração: 1240 - Melhor: 0.006286534766020977 - Valores: [-46081.20332308976, -0.0019907592408727696, 1420386.3419891095, 3148961621.3113003, 20863.05255855986]
Geração: 1250 - Melhor: 0.006286736797376645 - Valores: [-63707.055991818146, -0.00179367435458802, 1797423.5918504933, 10346952631.524902, 24078.69135831571]
Geração: 1260 - Melhor: 0.0062869949057754925 - Valores: [-51919.92573696492, -0.001990761571812757, 1420386.3419891081, 3148961621.3113003, 20863.052558558127]
Geração: 1270 - Melhor: 0.006287278604523454 - Valores: [-63707.05599182007, -0.0017936764571134089, 1797423.5918504917, 10346952631.524902, 24078.691358313958]
Geração: 1280 - Melhor: 0.00628760149051626 - Valores: [-62413.28196814923, -0.0012956873164460332, 623346.1321952238, 23243128223.33354, 34155.87540403846]
Geração: 1290 - Melhor: 0.007468352357604747 - Valores: [-63061.064555188575, -0.0017703703754845719, 1196075.7805683988, 7817946699.591249, 24186.57175613084]
Geração: 1300 - Melhor: 0.007475603583694006 - Valores: [-63061.06455518913, -0.0017703714486423379, 1196075.780568398, 7817946699.591249, 24186.571756129983]
Geração: 1310 - Melhor: 0.007482871715198251 - Valores: [-63061.06455518968, -0.001770372521800155, 1196075.7805683974, 7817946699.591249, 24186.571756129124]
Geração: 1320 - Melhor: 0.007490156701005871 - Valores: [-63061.064555190234, -0.0017703735949580232, 1196075.7805683967, 7817946699.591249, 24186.571756128265]
Geração: 1330 - Melhor: 0.007497458490081494 - Valores: [-63061.06455519079, -0.0017703746681159423, 1196075.780568396, 7817946699.591249, 24186.571756127407]
Geração: 1340 - Melhor: 0.007504777031479662 - Valores: [-63061.06455519134, -0.0017703757412739123, 1196075.7805683953, 7817946699.591249, 24186.57175612655]
Geração: 1350 - Melhor: 0.007512112274335499 - Valores: [-63061.06455519189, -0.001770376814431933, 1196075.7805683946, 7817946699.591249, 24186.57175612569]
Geração: 1360 - Melhor: 0.0075194641678774125 - Valores: [-63061.064555192446, -0.001770377887590005, 1196075.7805683939, 7817946699.591249, 24186.57175612483]
Geração: 1370 - Melhor: 0.007526832661420428 - Valores: [-63061.064555193, -0.001770378960748128, 1196075.7805683932, 7817946699.591249, 24186.571756123973]
Geração: 1380 - Melhor: 0.007534217704366318 - Valores: [-63061.06455519355, -0.0017703800339063016, 1196075.7805683925, 7817946699.591249, 24186.571756123114]
Geração: 1390 - Melhor: 0.0075416192462078235 - Valores: [-63061.064555194105, -0.0017703811070645262, 1196075.7805683918, 7817946699.591249, 24186.571756122255]
Geração: 1400 - Melhor: 0.0059604015850549625 - Valores: [-104524.05543223897, -0.0012583176659932698, 5879076.046394406, 58236088065.10323, 36439.05453620278]
Geração: 1410 - Melhor: 0.005959152400041139 - Valores: [-105119.02971474463, -0.0012613935890549918, 5748885.986977859, 57783497264.60863, 36327.846274215066]
Geração: 1420 - Melhor: 0.005957917770457098 - Valores: [-115783.18917385797, -0.0012581836521953266, 7048158.914398073, 82894061658.92877, 36655.26460578806]
Geração: 1430 - Melhor: 0.005913771023861755 - Valores: [-105119.02971474682, -0.001261394999969357, 5748885.986977857, 57783497264.60863, 36327.84627421295]
Geração: 1440 - Melhor: 0.005913046053227658 - Valores: [-105119.02971474765, -0.0012613961166488942, 5748885.986977856, 57783497264.60863, 36327.846274212076]
Geração: 1450 - Melhor: 0.005912395946756246 - Valores: [-103418.67542063989, -0.0012600795704636558, 5941174.1095735915, 59060592312.32367, 36310.38761345876]
Geração: 1460 - Melhor: 0.005911799813700878 - Valores: [-131298.70243577816, -0.0008642387713104848, 10914808.649852771, 128207818681.28542, 54656.177925998025]
Geração: 1470 - Melhor: 0.0059112845258477995 - Valores: [-131298.70243577933, -0.0008642392749802538, 10914808.64985277, 128207818681.28542, 54656.177925996926]
Geração: 1480 - Melhor: 0.005910850094011372 - Valores: [-131298.7024357805, -0.0008642397786494915, 10914808.649852768, 128207818681.28542, 54656.17792599583]
Geração: 1490 - Melhor: 0.005910496525691475 - Valores: [-131298.70243578166, -0.0008642402823181981, 10914808.649852766, 128207818681.28542, 54656.17792599473]
Geração: 1500 - Melhor: 0.005910223825071842 - Valores: [-131298.70243578282, -0.0008642407859863735, 10914808.649852764, 128207818681.28542, 54656.17792599363]
Geração: 1510 - Melhor: 0.0059100319930185065 - Valores: [-151701.23941493532, -0.0008737994366866569, 13136103.22132884, 235974696840.97662, 54937.241532504806]
Geração: 1520 - Melhor: 0.00590992102707862 - Valores: [-151701.23941493654, -0.0008737999561531983, 13136103.221328838, 235974696840.97662, 54937.2415325037]
Geração: 1530 - Melhor: 0.0059098909214820436 - Valores: [-151701.23941493777, -0.0008738004756192254, 13136103.221328838, 235974696840.9766, 54937.2415325026]
Geração: 1540 - Melhor: 0.005909941667138615 - Valores: [-151701.239414939, -0.0008738009950847383, 13136103.221328838, 235974696840.9766, 54937.241532501495]
Geração: 1550 - Melhor: 0.005910073251641789 - Valores: [-151701.2394149402, -0.0008738015145497369, 13136103.221328838, 235974696840.9766, 54937.24153250039]
Geração: 1560 - Melhor: 0.005910278326067539 - Valores: [-182856.9618435491, -0.001014890084839708, 12054079.710138364, 436723264319.71075, 47725.22363725022]
Geração: 1570 - Melhor: 0.005910552279088908 - Valores: [-195735.31459451874, -0.000891130534319971, 8429403.26320938, 511683238027.3112, 54882.007865422514]
Geração: 1580 - Melhor: 0.007451672443334117 - Valores: [-144129.82513655638, -0.0012624514744158694, 7159993.351544865, 99355200145.4764, 36823.613254493575]
Geração: 1590 - Melhor: 0.007462252038321794 - Valores: [-168830.44096221664, -0.0009010077528086218, 16896669.515321176, 569884741051.697, 54458.844062380376]
Geração: 1600 - Melhor: 0.00747285265513077 - Valores: [-173750.4115293527, -0.0009297677381902608, 18077029.54777173, 569807710548.0442, 52749.245751917464]
Geração: 1610 - Melhor: 0.01872899401353603 - Valores: [-195735.3145945236, -0.0008911325897443408, 8429403.263209376, 511683238027.3113, 54882.00786541813]
Geração: 1620 - Melhor: 0.005852346671227632 - Valores: [-166517.52536183086, -0.0009021142995400977, 13998478.60560593, 439871602252.08704, 53850.34160090866]
Geração: 1630 - Melhor: 0.005848434596208313 - Valores: [-219301.3902356797, -0.0009214170384175487, 20633377.723585263, 1020336078765.3142, 53962.55866031516]
Geração: 1640 - Melhor: 0.005844556854136242 - Valores: [-171168.39607893626, -0.0013577106854250308, 14628236.094444236, 436576055511.79944, 35511.595019828164]
Geração: 1650 - Melhor: 0.0058407134867886614 - Valores: [-239013.7049742805, -0.0008968273374956807, 5712647.666574366, 645090425132.3777, 55183.09248425388]
Geração: 1660 - Melhor: 0.005836904582589842 - Valores: [-239013.7049742815, -0.0008968278606608353, 5712647.666574366, 645090425132.3777, 55183.092484252804]
Geração: 1670 - Melhor: 0.005829828497377043 - Valores: [-226998.9304619039, -0.0009321657567262704, 26356483.132164575, 1096024440201.7527, 53458.29093744332]
Geração: 1680 - Melhor: 0.00582144658101432 - Valores: [-306469.54472416616, -0.0006163792740927632, 27800593.993553672, 3672006009445.944, 84038.67818011268]
Geração: 1690 - Melhor: 0.0058132405762566135 - Valores: [-239692.84580890424, -0.0008853783084507227, 30434050.793165497, 1302822871842.6982, 56708.16217154739]
Geração: 1700 - Melhor: 0.005805164405856529 - Valores: [-239692.84580890482, -0.0008853794635258426, 30434050.793165497, 1302822871842.6982, 56708.16217154655]
Geração: 1710 - Melhor: 0.005797271948212896 - Valores: [-239692.8458089054, -0.0008853806186011907, 30434050.793165497, 1302822871842.6982, 56708.1621715457]
Geração: 1720 - Melhor: 0.005789563916516397 - Valores: [-235390.53586818746, -0.0008828041746133912, 26428763.163315102, 2085826850023.9353, 57386.86397398452]
Geração: 1730 - Melhor: 0.006025355854241541 - Valores: [-378890.2204322779, -0.000658727621279077, 48286082.65269111, 5128237097768.467, 79667.67523150828]
Geração: 1740 - Melhor: 0.006037338781757336 - Valores: [-378890.22043227905, -0.0006587282503967643, 48286082.65269111, 5128237097768.467, 79667.67523150725]
Geração: 1750 - Melhor: 0.008437563953776919 - Valores: [-378890.22043228016, -0.0006587288795138887, 48286082.65269111, 5128237097768.467, 79667.6752315062]
Geração: 1760 - Melhor: 0.008420016985728116 - Valores: [-304373.3082007074, -0.0009290275390480532, 49842934.87325191, 1959425541108.1292, 54540.39941789678]
Geração: 1770 - Melhor: 0.005480015205191372 - Valores: [-389616.4561748274, -0.0006154385432800179, 29973553.425717402, 3816068945395.679, 84559.76305157537]
Geração: 1780 - Melhor: 0.005477426027915853 - Valores: [-453324.7189613652, -0.0006053717485192972, 51557084.48080203, 5103289258127.969, 86834.34057305325]
Geração: 1790 - Melhor: 0.005472830285910113 - Valores: [-345563.93892391265, -0.000638935886257875, 36829915.59774042, 3001869928954.3105, 80900.86483694699]
Geração: 1800 - Melhor: 0.005468565338320471 - Valores: [-453324.71896136727, -0.0006053736455597441, 51557084.48080203, 5103289258127.969, 86834.34057305125]
Geração: 1810 - Melhor: 0.005463837184215103 - Valores: [-598466.7601761208, -0.0004335692514308914, 88282271.91515872, 17911079337079.586, 126030.00868773399]
Geração: 1820 - Melhor: 0.005459597824898188 - Valores: [-591873.9695211039, -0.0004759340869069414, 72392167.46754901, 18190316453721.254, 114256.98003968055]
Geração: 1830 - Melhor: 0.005455692638795626 - Valores: [-453324.71896136965, -0.0006053771442053033, 51557084.48080203, 5103289258127.969, 86834.34057304873]
Geração: 1840 - Melhor: 0.0054522597385525656 - Valores: [-546455.6702894341, -0.00042396947831127997, 81779298.13913195, 34436667979894.457, 130027.94307434896]
Geração: 1850 - Melhor: 0.00544937392697986 - Valores: [-546455.6702894351, -0.0004239700628881093, 81779298.13913195, 34436667979894.46, 130027.94307434792]
Geração: 1860 - Melhor: 0.00544704977797774 - Valores: [-591873.9695211082, -0.00047593715259972675, 72392167.46754903, 18190316453721.258, 114256.98003967665]
Geração: 1870 - Melhor: 0.006781982295202062 - Valores: [-773301.7784258279, -0.0004092399758498049, 73802330.08075239, 45932364776512.914, 136092.8668409619]
Geração: 1880 - Melhor: 0.006759262518770833 - Valores: [-546455.6702894369, -0.0004239718164032669, 81779298.13913196, 34436667979894.457, 130027.94307434477]
Geração: 1890 - Melhor: 0.006736665917536861 - Valores: [-816329.4013752621, -0.0004154773288837847, 146877255.11772662, 61596526800361.83, 135186.75236966324]
Geração: 1900 - Melhor: 0.006700106521089866 - Valores: [-609523.6337512382, -0.000475940551010761, 72392167.46754903, 18190316453721.258, 114256.98003967287]
Geração: 1910 - Melhor: 0.005732865177665269 - Valores: [-769771.0365994999, -0.0004034155561086737, 97443597.45592898, 42414453443278.75, 138198.68022446532]
Geração: 1920 - Melhor: 0.005755880463374892 - Valores: [-919391.253241463, -0.00044364165009219437, 149630771.3504696, 63131522389992.86, 126601.09055906863]
Geração: 1930 - Melhor: 0.0057795374172522705 - Valores: [-950704.3578361365, -0.00031365745341538766, 256311003.58377257, 119504941586339.22, 182570.26420106372]
Geração: 1940 - Melhor: 0.005803645979771319 - Valores: [-950704.3578361375, -0.0003136580756170664, 256311003.58377257, 119504941586339.22, 182570.26420106267]
Geração: 1950 - Melhor: 0.005828200361117663 - Valores: [-919391.2532414658, -0.0004436454009673394, 149630771.3504696, 63131522389992.86, 126601.09055906616]
Geração: 1960 - Melhor: 0.00585319476591477 - Valores: [-919391.2532414666, -0.00044364665126056703, 149630771.3504696, 63131522389992.86, 126601.09055906534]
Geração: 1970 - Melhor: 0.005878710111172015 - Valores: [-1215876.8684748218, -0.00028976407806123876, 159748566.62619686, 168018254548188.97, 199994.21708272985]
Geração: 1980 - Melhor: 0.005904660278312929 - Valores: [-1347825.3098001992, -0.0002923957406490667, 189249634.02453166, 163818286079362.62, 198416.89542961476]
Geração: 1990 - Melhor: 0.0059310360283319355 - Valores: [-1215876.868474824, -0.00028976509179931456, 159748566.62619686, 168018254548188.97, 199994.21708272764]
Geração: 2000 - Melhor: 0.005957831525677444 - Valores: [-1347825.309800202, -0.00029239678032795145, 189249634.02453166, 163818286079362.62, 198416.89542961254]
Geração: 2010 - Melhor: 0.005985040950207181 - Valores: [-1027378.6514051163, -0.00044365297837758283, 149630771.3504696, 63131522389992.86, 126601.09055906125]
Geração: 2020 - Melhor: 0.006012658500887406 - Valores: [-1027378.6514051169, -0.00044365424392018036, 149630771.35046956, 63131522389992.86, 126601.09055906044]
Geração: 2030 - Melhor: 0.006496090062327502 - Valores: [-1215876.8684748276, -0.00028976711928745797, 159748566.62619686, 168018254548188.97, 199994.21708272328]
Geração: 2040 - Melhor: 0.006439528797299052 - Valores: [-1078226.9400687742, -0.000313728812059036, 57548061.66269152, 95649173266445.06, 181990.1286067603]
Geração: 2050 - Melhor: 0.006383814181644927 - Valores: [-1215876.868474829, -0.0002897689639500432, 159748566.62619686, 168018254548188.97, 199994.21708272124]
Geração: 2060 - Melhor: 0.006329080211613031 - Valores: [-1215876.8684748297, -0.0002897698871713635, 159748566.62619686, 168018254548188.97, 199994.21708272022]
Geração: 2070 - Melhor: 0.006265097318431809 - Valores: [-1215876.8684748302, -0.00028977098742091626, 159748566.62619686, 168018254548188.97, 199994.21708271938]
Geração: 2080 - Melhor: 0.006201871681546047 - Valores: [-1759689.8193176857, -0.0002043273834970373, 65858546.15357751, 499803152775643.75, 292194.46791164274]
Geração: 2090 - Melhor: 0.006136038522602165 - Valores: [-1347825.3098002102, -0.0002924046050513107, 189249634.02453163, 163818286079362.62, 198416.8954296037]
Geração: 2100 - Melhor: 0.006072034604660697 - Valores: [-1927815.677155102, -0.00019557994624923834, 344337164.8960639, 688122817669255.6, 308026.5101096622]
Geração: 2110 - Melhor: 0.005195422962406174 - Valores: [-1466968.555921679, -0.0002914011826542811, 292879640.77639246, 236835922942673.2, 200648.9746861463]
Geração: 2120 - Melhor: 0.005186356718144189 - Valores: [-1899447.6174331813, -0.0002136344511345859, 395626118.50479436, 430532402631791.44, 279031.10510498285]
Geração: 2130 - Melhor: 0.005178560155728677 - Valores: [-1586084.2677127533, -0.00029402978682478074, 202832818.54819477, 320466290389829.94, 200121.2896573606]
Geração: 2140 - Melhor: 0.005172038384548668 - Valores: [-1586084.267712754, -0.00029403105490320784, 202832818.54819477, 320466290389829.94, 200121.2896573598]
Geração: 2150 - Melhor: 0.005166795598977763 - Valores: [-2189208.5201406926, -0.00019143955125511294, 560322723.8994299, 955089178833966.5, 316952.75352658745]
Geração: 2160 - Melhor: 0.005162835062218658 - Valores: [-2189208.520140694, -0.0001914400536362738, 560322723.8994299, 955089178833966.5, 316952.75352658634]
Geração: 2170 - Melhor: 0.005160159093478553 - Valores: [-2189208.5201406954, -0.00019144055601502615, 560322723.8994299, 955089178833966.5, 316952.75352658523]
Geração: 2180 - Melhor: 0.0051587690585811995 - Valores: [-2189208.520140697, -0.00019144105839136993, 560322723.8994299, 955089178833966.5, 316952.7535265841]
Geração: 2190 - Melhor: 0.005158665364086753 - Valores: [-1899447.6174331878, -0.0002136391274669097, 395626118.50479436, 430532402631791.44, 279031.10510497575]
Geração: 2200 - Melhor: 0.005159867003041528 - Valores: [-2136919.270938155, -0.00019153472169595266, 333636989.83314383, 936651836669828.8, 316580.09286300413]
Geração: 2210 - Melhor: 0.005162380451421332 - Valores: [-2136919.2709381557, -0.00019153523011639702, 333636989.83314383, 936651836669828.8, 316580.092863003]
Geração: 2220 - Melhor: 0.005166203143565946 - Valores: [-2136919.2709381566, -0.00019153573853447585, 333636989.83314383, 936651836669828.8, 316580.092863002]
Geração: 2230 - Melhor: 0.005171331525958254 - Valores: [-2136919.2709381576, -0.00019153624695018913, 333636989.83314383, 936651836669828.8, 316580.09286300093]
Geração: 2240 - Melhor: 0.005177761069841576 - Valores: [-2136919.2709381585, -0.00019153675536353687, 333636989.83314383, 936651836669828.8, 316580.0928629999]
Geração: 2250 - Melhor: 0.00518548628742019 - Valores: [-2136919.2709381594, -0.00019153726377451905, 333636989.83314383, 936651836669828.8, 316580.0928629988]
Geração: 2260 - Melhor: 0.0051945007515067495 - Valores: [-2136919.2709381604, -0.00019153777218313566, 333636989.83314383, 936651836669828.8, 316580.09286299767]
Geração: 2270 - Melhor: 0.005204797118450202 - Valores: [-2136919.2709381613, -0.00019153828058938668, 333636989.83314383, 936651836669828.8, 316580.0928629966]
Geração: 2280 - Melhor: 0.005216367154144653 - Valores: [-1915787.6805935053, -0.00022086341361340805, 133344104.65452918, 573969459550912.8, 271148.86054376565]
Geração: 2290 - Melhor: 0.00522920182061176 - Valores: [-1915787.680593506, -0.00022086414093740897, 133344104.65452918, 573969459550912.8, 271148.8605437647]
Geração: 2300 - Melhor: 0.005241065466347018 - Valores: [-1915787.6805935067, -0.00022086486826009675, 133344104.65452918, 573969459550912.8, 271148.86054376373]
Geração: 2310 - Melhor: 0.005226918892788594 - Valores: [-2456469.59802044, -0.00019374807598713747, 841308018.4346555, 1245439875461387.5, 315159.3513882789]
Geração: 2320 - Melhor: 0.005214127607762843 - Valores: [-2456469.598020441, -0.00019374860086568925, 841308018.4346555, 1245439875461387.5, 315159.35138827784]
Geração: 2330 - Melhor: 0.005202700894868607 - Valores: [-2456469.598020442, -0.00019374912574195301, 841308018.4346555, 1245439875461387.5, 315159.3513882768]
Geração: 2340 - Melhor: 0.005192647048784732 - Valores: [-2456469.5980204428, -0.00019374965061592876, 841308018.4346555, 1245439875461387.5, 315159.35138827574]
Geração: 2350 - Melhor: 0.00518397334248278 - Valores: [-2525792.9841339327, -0.0001956496523869515, 592369137.510383, 806935570897889.5, 309942.13482471893]
Geração: 2360 - Melhor: 0.005176685997969766 - Valores: [-2525792.9841339337, -0.00019565019143644215, 592369137.510383, 806935570897889.5, 309942.1348247179]
Geração: 2370 - Melhor: 0.005170790160835106 - Valores: [-2525792.9841339346, -0.000195650730483713, 592369137.510383, 806935570897889.5, 309942.13482471684]
Geração: 2380 - Melhor: 0.0051662898788318035 - Valores: [-2525792.984133936, -0.00019565126952876405, 592369137.510383, 806935570897889.5, 309942.1348247158]
Geração: 2390 - Melhor: 0.005163188084686633 - Valores: [-2525792.9841339374, -0.0001956518085715953, 592369137.510383, 806935570897889.5, 309942.13482471474]
Geração: 2400 - Melhor: 0.005161486583305349 - Valores: [-2241670.8423433974, -0.00019136651770232537, 376677825.0785599, 909005220645078.5, 317004.66058729554]
Geração: 2410 - Melhor: 0.00516118605898372 - Valores: [-2241670.8423433984, -0.00019136702475035594, 376677825.0785599, 909005220645078.5, 317004.6605872945]
Geração: 2420 - Melhor: 0.005162102723389383 - Valores: [-2241670.8423433993, -0.00019136784264979305, 376677825.0785599, 909005220645078.5, 317004.66058729345]
Geração: 2430 - Melhor: 0.005159488999822083 - Valores: [-2241670.8423434, -0.00019136866054864787, 376677825.0785599, 909005220645078.5, 317004.6605872924]
Geração: 2440 - Melhor: 0.005160322114168572 - Valores: [-2788449.8544088406, -0.00020819895636900248, 1098645345.9208975, 2423412595911924.0, 296874.4483887747]
Geração: 2450 - Melhor: 0.005165284901585406 - Valores: [-2788449.8544088416, -0.00020820002455555718, 1098645345.9208975, 2423412595911924.0, 296874.44838877383]
Geração: 2460 - Melhor: 0.005158468110547342 - Valores: [-2788449.8544088425, -0.00020820122171063567, 1098645345.9208972, 2423412595911924.0, 296874.44838877296]
Geração: 2470 - Melhor: 0.005146076650379138 - Valores: [-2788449.8544088434, -0.00020820241886676335, 1098645345.9208972, 2423412595911924.0, 296874.4483887721]
Geração: 2480 - Melhor: 0.00513726145683361 - Valores: [-2788449.8544088444, -0.00020820361602394018, 1098645345.9208972, 2423412595911924.0, 296874.4483887712]
Geração: 2490 - Melhor: 0.005132038052340706 - Valores: [-2797195.341079371, -0.0001912644400013599, 860497173.6296954, 1846172958269848.8, 322189.466630394]
Geração: 2500 - Melhor: 0.0051304166237404565 - Valores: [-3616985.6074495865, -0.0001360672088687546, 1099000415.1729453, 5852336128536805.0, 466352.0469165891]
Geração: 2510 - Melhor: 0.005132514070964628 - Valores: [-3616985.6074495874, -0.00013606771659455252, 1099000415.1729453, 5852336128536805.0, 466352.046916588]
Geração: 2520 - Melhor: 0.00513835866896134 - Valores: [-3655216.957382465, -0.00013568495306018628, 739669289.4953415, 5965904058746844.0, 467699.6462407402]
Geração: 2530 - Melhor: 0.005131781288678318 - Valores: [-2977812.0343243056, -0.00019126876912379666, 860497173.6296954, 1846172958269848.8, 322189.4666303905]
Geração: 2540 - Melhor: 0.005126467710142597 - Valores: [-3655216.9573824666, -0.0001356860763627699, 739669289.4953415, 5965904058746844.0, 467699.64624073805]
Geração: 2550 - Melhor: 0.0051271816719510085 - Valores: [-3655216.9573824676, -0.00013568698813961211, 739669289.4953415, 5965904058746844.0, 467699.646240737]
Geração: 2560 - Melhor: 0.005137629230572812 - Valores: [-5151942.731812155, -0.00010552175504560156, 4368844910.700298, 1.5479119718477438e+16, 615740.6144857242]
Geração: 2570 - Melhor: 0.005161112573691798 - Valores: [-4667279.258142045, -0.00013561405036350614, 3442154009.86045, 1.1086085135373352e+16, 474394.9339928413]
Geração: 2580 - Melhor: 0.005201061845865263 - Valores: [-5257223.542696049, -0.0001413811186266827, 4628680805.023158, 1.5521988771375546e+16, 458021.3886087871]
Geração: 2590 - Melhor: 0.005255431186635034 - Valores: [-5257223.54269605, -0.00014138232987388275, 4628680805.023158, 1.5521988771375546e+16, 458021.38860878616]
Geração: 2600 - Melhor: 0.00526634066651252 - Valores: [-5151942.731812159, -0.00010552444285501422, 4368844910.700298, 1.5479119718477438e+16, 615740.6144857199]
Geração: 2610 - Melhor: 0.005511106541168165 - Valores: [-5617906.325515978, -9.259891716251032e-05, 4985041829.25465, 2.2588121259429664e+16, 707040.2276628462]
Geração: 2620 - Melhor: 0.005408126282517361 - Valores: [-6310414.718661031, -8.858781737508642e-05, 6564135878.703049, 2.7334531777664004e+16, 743380.2648124434]
Geração: 2630 - Melhor: 0.0053177572167913065 - Valores: [-6634322.914267325, -9.620290095017404e-05, 5084476134.857319, 3.809254314794678e+16, 687797.5789827243]
Geração: 2640 - Melhor: 0.005243745208262917 - Valores: [-6634322.914267326, -9.6203526468536e-05, 5084476134.857319, 3.809254314794678e+16, 687797.5789827232]
Geração: 2650 - Melhor: 0.005186758249131604 - Valores: [-5328177.511168002, -8.915443695158424e-05, 4328738712.655811, 2.7785613457129184e+16, 739255.4893821235]
Geração: 2660 - Melhor: 0.005147319186215295 - Valores: [-5328177.511168003, -8.915494878477203e-05, 4328738712.655811, 2.7785613457129184e+16, 739255.4893821224]
Geração: 2670 - Melhor: 0.005125823299411736 - Valores: [-6634322.914267331, -9.620540314016455e-05, 5084476134.857319, 3.809254314794678e+16, 687797.57898272]
Geração: 2680 - Melhor: 0.0051224640469605945 - Valores: [-7033715.628432626, -8.890433364962144e-05, 6888783253.0568075, 5.165646652344064e+16, 750899.0102459971]
Geração: 2690 - Melhor: 0.006622366315921327 - Valores: [-7628118.685672839, -8.9867940322198e-05, 12465815934.66471, 5.322134655905168e+16, 744236.0329837257]
Geração: 2700 - Melhor: 0.010407173265792121 - Valores: [-8151804.68986618, -9.272010816115586e-05, 3548419459.7951612, 6.895859482458156e+16, 722758.7396400049]
Geração: 2710 - Melhor: 0.011858942391574949 - Valores: [-8178530.163481517, -8.338918643341064e-05, 16942066299.247644, 9.426415747384107e+16, 809311.3313883685]
Geração: 2720 - Melhor: 0.005482022676725143 - Valores: [-5519731.975162492, -9.849555518443817e-05, 3086041848.7246227, 1.6215447786141108e+16, 661406.6531987097]
Geração: 2730 - Melhor: 0.0053624513878304985 - Valores: [-7963374.925158007, -8.392494280936493e-05, 12584620691.706463, 7.225684598456333e+16, 800851.163161464]
Geração: 2740 - Melhor: 0.005250115980673679 - Valores: [-7963374.925158009, -8.392591851182288e-05, 12584620691.706463, 7.225684598456333e+16, 800851.1631614632]
Geração: 2750 - Melhor: 0.00516595352985464 - Valores: [-7963374.92515801, -8.39268942139407e-05, 12584620691.706463, 7.225684598456333e+16, 800851.1631614624]
Geração: 2760 - Melhor: 0.005111284395205822 - Valores: [-7963374.925158011, -8.392786991571837e-05, 12584620691.706463, 7.225684598456333e+16, 800851.1631614616]
Geração: 2770 - Melhor: 0.005086987823244581 - Valores: [-7963374.925158012, -8.39288456171559e-05, 12584620691.706463, 7.225684598456333e+16, 800851.1631614608]
Geração: 2780 - Melhor: 0.0050934269839264254 - Valores: [-6733100.152150887, -8.85503278406119e-05, 5574692985.357328, 3.721944535947304e+16, 749508.180844372]
Geração: 2790 - Melhor: 0.005130415304503958 - Valores: [-6733100.152150888, -8.855140656264957e-05, 5574692985.357328, 3.721944535947304e+16, 749508.1808443712]
Geração: 2800 - Melhor: 0.005197230776370213 - Valores: [-6733100.152150889, -8.855248528578713e-05, 5574692985.357328, 3.721944535947304e+16, 749508.1808443704]
Geração: 2810 - Melhor: 0.005292675481335506 - Valores: [-6733100.15215089, -8.85535640100246e-05, 5574692985.357328, 3.721944535947304e+16, 749508.1808443696]
Geração: 2820 - Melhor: 0.005415169083284088 - Valores: [-6733100.152150891, -8.8554642735362e-05, 5574692985.357328, 3.721944535947304e+16, 749508.1808443688]
Geração: 2830 - Melhor: 0.0055628601797200064 - Valores: [-6733100.152150892, -8.855572146179933e-05, 5574692985.357328, 3.721944535947304e+16, 749508.180844368]
Geração: 2840 - Melhor: 0.005733739170690524 - Valores: [-6733100.152150893, -8.855680018933661e-05, 5574692985.357328, 3.721944535947304e+16, 749508.1808443671]
Geração: 2850 - Melhor: 0.005950138203473426 - Valores: [-9172902.883616896, -6.473445201956232e-05, 16136966442.456436, 1.5689486375531613e+17, 1057601.5920284116]
Geração: 2860 - Melhor: 0.00620381977053371 - Valores: [-9414575.404195992, -8.71980943156208e-05, 24814220334.20311, 1.0219538503384688e+17, 776898.276926995]
Geração: 2870 - Melhor: 0.0060532855990747874 - Valores: [-9414575.404195994, -8.719935863593114e-05, 24814220334.20311, 1.0219538503384688e+17, 776898.2769269942]
Geração: 2880 - Melhor: 0.005871048241143538 - Valores: [-9414575.404195996, -8.720062296050087e-05, 24814220334.20311, 1.0219538503384688e+17, 776898.2769269934]
Geração: 2890 - Melhor: 0.00570421702901242 - Valores: [-9414575.404195998, -8.720188728933008e-05, 24814220334.20311, 1.0219538503384688e+17, 776898.2769269925]
Geração: 2900 - Melhor: 0.0055541358433699745 - Valores: [-9414575.404196, -8.720315162241886e-05, 24814220334.20311, 1.0219538503384688e+17, 776898.2769269916]
Geração: 2910 - Melhor: 0.0054221501670755285 - Valores: [-9414575.404196002, -8.720441595976723e-05, 24814220334.20311, 1.0219538503384688e+17, 776898.2769269908]
Geração: 2920 - Melhor: 0.005309506595594673 - Valores: [-14460291.261696883, -6.585438815012985e-05, 59964004627.490585, 4.658213866734615e+17, 1065631.8448957703]
Geração: 2930 - Melhor: 0.005217493785507145 - Valores: [-10018867.037200885, -8.207644403163978e-05, 22036901169.08908, 1.1895634760581069e+17, 827234.7832711781]
Geração: 2940 - Melhor: 0.005147170364401545 - Valores: [-14558901.45812305, -5.71501212676473e-05, 54333818535.834946, 4.234427813624482e+17, 1228345.0995492742]
Geração: 2950 - Melhor: 0.005094465794833559 - Valores: [-15904456.56696268, -5.384947917979799e-05, 29034606616.35983, 7.543672821877347e+17, 1313380.836735448]
Geração: 2960 - Melhor: 0.008205671128439085 - Valores: [-11974139.378415849, -6.015177738823132e-05, 33075278972.171055, 2.1786979983298662e+17, 1148175.6661317777]
Geração: 2970 - Melhor: 0.007959026125660369 - Valores: [-17667595.97812804, -4.1368733972402246e-05, 26142214182.08824, 1.0096367747900987e+18, 1728110.3916185433]
Geração: 2980 - Melhor: 0.0074386938919002174 - Valores: [-15904456.566962682, -5.385209003195127e-05, 29034606616.35983, 7.543672821877345e+17, 1313380.8367354448]
Geração: 2990 - Melhor: 0.006949015182503079 - Valores: [-15904456.566962682, -5.385302799287853e-05, 29034606616.35983, 7.543672821877345e+17, 1313380.836735444]
Geração: 10 - Melhor: 0.5039050072486896 - Valores: [-96.68069345547917, -27.709912177372928, -15.553243883493337, 410.4153204360929, 8.295871776891431]
Geração: 20 - Melhor: 0.5039050072202255 - Valores: [-96.68069345647918, -27.709912178325308, -15.553243884489808, 410.4072719763269, 8.29587177591241]
Geração: 30 - Melhor: 0.5039050072202292 - Valores: [-96.68069345747918, -27.709912179277687, -15.553243885489632, 410.4072719753269, 8.29587177491241]
Geração: 40 - Melhor: 0.503905007220233 - Valores: [-96.68069345847918, -27.709912180230067, -15.553243886489458, 410.40727197432693, 8.29587177391241]
Geração: 50 - Melhor: 0.5039050072202368 - Valores: [-96.68069345947919, -27.709912181182446, -15.553243887489284, 410.40727197332694, 8.29587177291241]
Geração: 10 - Melhor: 0.5039050072195226 - Valores: [-385.0184561199218, -29.730977036933666, -422.69856257611207, 485.570781712765, 8.228145515969743]
Geração: 20 - Melhor: 0.5039050072195227 - Valores: [-385.01845612087413, -29.730977037886046, -422.6985625770644, 485.57078171178597, 8.228145514990722]
Geração: 30 - Melhor: 0.5039050072195227 - Valores: [-385.0184561218265, -29.730977038838425, -422.6985625780168, 485.57078171080695, 8.2281455140117]
Geração: 40 - Melhor: 0.5039050072195227 - Valores: [-385.01845612277884, -29.730977039790805, -422.69856257896913, 485.57078170982794, 8.228145513032679]
Geração: 50 - Melhor: 0.5039050072195228 - Valores: [-385.0184561237312, -29.730977040743184, -422.6985625799215, 485.5707817088489, 8.228145512053658]
Geração: 60 - Melhor: 0.5039050072195229 - Valores: [-385.01845612468355, -29.730977041695564, -422.69856258087384, 485.5707817078699, 8.228145511074636]
Geração: 10 - Melhor: 0.511779422046491 - Valores: [275.62081302372496, -425.7512533067012, -68.5949122387629, -69.21986423323506, 272.8288593491344]
Geração: 20 - Melhor: 0.511779422046491 - Valores: [275.62081302231064, -70.37242331018467, -68.59491223993729, -69.21986423413006, 272.82885934776255]
Geração: 30 - Melhor: 0.511779422046491 - Valores: [275.6208130211064, -182.53306611282093, -152.05656683163596, -146.8280185981537, 272.8288593465533]
Geração: 40 - Melhor: 0.511779422046491 - Valores: [275.62081301990224, -182.5330661138756, -152.0565668326, -146.82801859918385, 272.82885934550615]
Geração: 50 - Melhor: 0.511779422046491 - Valores: [275.62081301887065, -182.5330661146441, -152.05656683356898, -146.828018600214, 272.8288593442969]
Geração: 60 - Melhor: 0.511779422046491 - Valores: [275.6208130177649, -182.53306611569877, -152.05656683453302, -146.82801860102467, 272.82885934309377]
Geração: 70 - Melhor: 0.511779422046491 - Valores: [275.62081301671014, -182.53306611659306, -152.05656683549705, -146.82801860169934, 272.82885934188454]
Geração: 80 - Melhor: 0.511779422046491 - Valores: [275.62081301575137, -182.53306611764773, -152.05656683618645, -146.8280186023924, 272.82885934084794]
Geração: 90 - Melhor: 0.511779422046491 - Valores: [275.62081301485335, -182.53306611845727, -152.05656683688127, -146.82801860293327, 272.82885933975035]
Geração: 100 - Melhor: 0.511779422046491 - Valores: [275.6208130136491, -182.5330661195041, -152.0565668377106, -146.828018603816, 272.8288593386229]
Geração: 110 - Melhor: 0.511779422046491 - Valores: [275.6208130125266, -182.5330661206017, -152.05656683833178, -146.82801860469868, 272.82885933758763]
Geração: 120 - Melhor: 0.511779422046491 - Valores: [275.6208130115291, -182.5330661215577, -152.0565668392669, -146.82801860531274, 272.8288593363784]
Geração: 130 - Melhor: 0.511779422046491 - Valores: [275.62081301032487, -182.53306612237003, -152.0565668399216, -163.01345404820435, 272.82885933516917]
Geração: 140 - Melhor: 0.511779422046491 - Valores: [275.6208130092874, -182.5330661234247, -152.05656684074222, -163.01345404917464, 272.8288593341407]
Geração: 150 - Melhor: 0.511779422046491 - Valores: [275.620813008353, -182.53306612458042, -152.05656684170626, -163.01345405019498, 272.8288593329315]
Geração: 160 - Melhor: 0.511779422046491 - Valores: [275.62081300732723, -182.53306612544912, -152.05656684261572, -163.01345405094114, 272.8288593318989]
Geração: 170 - Melhor: 0.511779422046491 - Valores: [275.62081300643024, -182.53306612652946, -152.05656684357976, -163.01345405196145, 272.8288593306897]
Geração: 180 - Melhor: 0.511779422046491 - Valores: [275.6208130052822, -182.53306612758414, -152.0565668445207, -163.01345405290243, 272.82885932948045]
Geração: 190 - Melhor: 0.511779422046491 - Valores: [275.62081300409903, -182.5330661286305, -152.05656684541864, -163.0134540539912, 272.828859328452]
Geração: 200 - Melhor: 0.511779422046491 - Valores: [275.62081300289486, -182.53306612956692, -152.05656684608783, -163.0134540549379, 272.82885932724275]
Geração: 210 - Melhor: 0.511779422046491 - Valores: [275.6208130016907, -182.5330661306216, -152.056566846617, -163.01345405564254, 272.8288593260335]
Geração: 220 - Melhor: 0.511779422046491 - Valores: [275.62081300065006, -182.53306613168274, -159.14890925595776, -163.01345405639614, 272.8288593248243]
Geração: 230 - Melhor: 0.511779422046491 - Valores: [275.6208129996114, -182.53306613254057, -159.14890925660396, -163.01345405700854, 272.82885932361506]
Geração: 240 - Melhor: 0.511779422046491 - Valores: [275.6208129986415, -182.53306613334792, -159.14890925749603, -163.01345405778255, 272.82885932258773]
Geração: 250 - Melhor: 0.511779422046491 - Valores: [275.620812997632, -182.5330661340482, -159.14890925848854, -163.01345405837634, 272.8288593216543]
Geração: 260 - Melhor: 0.511779422046491 - Valores: [275.6208129967489, -182.5330661346096, -159.14890925918252, -177.1124219183023, 272.8288593208238]
Geração: 270 - Melhor: 0.511779422046491 - Valores: [275.620812995937, -182.53306613543663, -159.1489092598648, -177.11242191916023, 272.8288593200065]
Geração: 280 - Melhor: 0.511779422046491 - Valores: [275.62081299511283, -182.53306613634606, -159.1489092604127, -177.11242191976874, 272.82885931879724]
Geração: 290 - Melhor: 0.511779422046491 - Valores: [275.62081299421766, -182.53306613724862, -193.5416473520561, -177.11242192054436, 272.828859317588]
Geração: 300 - Melhor: 0.511779422046491 - Valores: [275.6208129933765, -182.53306613816673, -193.54164735267767, -177.1124219214023, 272.8288593164433]
Geração: 310 - Melhor: 0.511779422046491 - Valores: [275.6208129921918, -182.53306613902149, -193.54164735347152, -177.11242192226024, 272.8288593154257]
Geração: 320 - Melhor: 0.511779422046491 - Valores: [275.6208129909876, -182.53306613964781, -193.54164735417916, -177.11242192313114, 272.8288593142209]
Geração: 330 - Melhor: 0.511779422046491 - Valores: [275.6208129899458, -182.53306614031794, -193.54164735492736, -177.1124219240536, 272.82885931301166]
Geração: 340 - Melhor: 0.511779422046491 - Valores: [275.62081298902655, -182.53306614125543, -193.54164735575847, -177.11242192484872, 272.82885931180243]
Geração: 350 - Melhor: 0.511779422046491 - Valores: [275.620812988087, -182.53306614217354, -193.54164735648865, -177.11242192563972, 272.8288593107202]
Geração: 360 - Melhor: 0.511779422046491 - Valores: [275.6208129872038, -182.53306614307925, -193.54164735710205, -177.11242192649763, 272.82885930969513]
Geração: 370 - Melhor: 0.511779422046491 - Valores: [275.620812986287, -182.5330661439603, -193.54164735804193, -177.11242192711097, 272.8288593086749]
Geração: 380 - Melhor: 0.511779422046491 - Valores: [275.62081298532183, -182.5330661448138, -193.5416473589818, -177.11242192789422, 272.8288593076136]
Geração: 390 - Melhor: 0.511779422046491 - Valores: [275.62081298411766, -182.5330661457319, -193.54164735967748, -177.11242192846797, 272.8288593063902]
Geração: 400 - Melhor: 0.511779422046491 - Valores: [275.6208129829135, -182.53306614665001, -193.54164736035722, -177.11242192932588, 272.8288593051809]
Geração: 410 - Melhor: 0.511779422046491 - Valores: [275.62081298170926, -182.53306614734245, -193.5416473612971, -177.11242192993342, 272.8288593039717]
Geração: 420 - Melhor: 0.511779422046491 - Valores: [275.6208129805051, -182.53306614827355, -193.5416473619706, -192.91277590037265, 272.82885930286085]
Geração: 430 - Melhor: 0.511779422046491 - Valores: [275.62081297930087, -182.53306614899014, -193.54164736270454, -192.91277590129852, 272.8288593016516]
Geração: 440 - Melhor: 0.511779422046491 - Valores: [275.6208129782766, -182.53306614976998, -193.54164736364442, -192.9127759021852, 272.8288593004424]
Geração: 450 - Melhor: 0.511779422046491 - Valores: [275.6208129770724, -182.53306615054842, -193.54164736452296, -192.91277590284795, 272.8288592994144]
Geração: 460 - Melhor: 0.511779422046491 - Valores: [275.6208129760275, -182.53306615112464, -193.54164736520295, -192.9127759035626, 272.82885929820515]
Geração: 470 - Melhor: 0.511779422046491 - Valores: [275.620812975062, -182.53306615192318, -193.54164736600177, -192.91277590431537, 272.8288592969959]
Geração: 480 - Melhor: 0.511779422046491 - Valores: [275.6208129738578, -182.53306615268045, -193.54164736675102, -192.91277590517257, 272.8288592957867]
Geração: 490 - Melhor: 0.511779422046491 - Valores: [275.62081297266434, -182.5330661532253, -193.54164736746296, -192.91277590616627, 272.828859294759]
Geração: 500 - Melhor: 0.511779422046491 - Valores: [275.62081297146, -217.84589277653387, -193.5416473680047, -192.91277590689734, 272.82885929371116]
Geração: 510 - Melhor: 0.511779422046491 - Valores: [275.6208129702558, -217.8458927775538, -194.63672980870848, -192.9127759076099, 272.8288592927031]
Geração: 520 - Melhor: 0.511779422046491 - Valores: [275.6208129690516, -217.84589277834522, -239.22122674793255, -192.91277590814389, 272.8288592916876]
Geração: 530 - Melhor: 0.511779422046491 - Valores: [275.62081296801887, -217.8458927789818, -239.22122674900163, -192.91277590907768, 272.8288592906497]
Geração: 540 - Melhor: 0.511779422046491 - Valores: [275.62081296681464, -217.84589277965165, -239.22122675020142, -192.91277590988219, 272.8288592896164]
Geração: 550 - Melhor: 0.511779422046491 - Valores: [275.62081296561047, -217.84589278050404, -239.22122675127054, -192.91277591046827, 272.8288592884148]
Geração: 560 - Melhor: 0.511779422046491 - Valores: [275.62081296458007, -217.84589278118662, -239.2212267522564, -192.91277591130898, 272.82885928720555]
Geração: 570 - Melhor: 0.511779422046491 - Valores: [275.6208129636401, -217.84589278176657, -239.22122675332548, -192.91277591189547, 272.8288592860034]
Geração: 580 - Melhor: 0.511779422046491 - Valores: [275.62081296243593, -217.84589278228208, -239.2212267541824, -192.91277591248036, 272.82885928479413]
Geração: 590 - Melhor: 0.511779422046491 - Valores: [275.62081296123165, -268.93356678693794, -239.22122675496482, -192.9127759131061, 272.8288592835849]
Geração: 600 - Melhor: 0.511779422046491 - Valores: [275.62081296002737, -268.93356678798995, -239.2212267560339, -192.91277591366708, 272.8288592824725]
Geração: 610 - Melhor: 0.511779422046491 - Valores: [275.62081295892506, -268.93356678904195, -239.22122675715815, -192.91277591431194, 272.8288592815085]
Geração: 620 - Melhor: 0.511779422046491 - Valores: [275.62081295772083, -268.93356679009395, -239.22122675829448, -192.91277591504752, 272.82885928062143]
Geração: 630 - Melhor: 0.511779422046491 - Valores: [275.6208129566862, -268.9335667908786, -239.22122675944192, -192.91277591570255, 272.8288592796296]
Geração: 640 - Melhor: 0.511779422046491 - Valores: [275.6208129557565, -268.9335667914834, -239.22122676036903, -192.91277591630345, 272.8288592785863]
Geração: 650 - Melhor: 0.511779422046491 - Valores: [275.62081295492897, -268.9335667922852, -239.22122676151787, -192.91277591681242, 272.8288592773771]
Geração: 660 - Melhor: 0.511779422046491 - Valores: [275.6208129540695, -268.9335667928599, -239.22122676245039, -192.91277591736883, 272.82885927628257]
Geração: 670 - Melhor: 0.511779422046491 - Valores: [275.6208129532645, -268.9335667936283, -239.22122676352518, -192.91277591817715, 272.82885927507334]
Geração: 680 - Melhor: 0.511779422046491 - Valores: [275.6208129520603, -268.9335667944674, -239.2212267646077, -192.91277591877636, 272.8288592738641]
Geração: 690 - Melhor: 0.511779422046491 - Valores: [275.6208129508561, -268.9335667953916, -239.22122676554216, -192.91277591955412, 272.8288592726559]
Geração: 700 - Melhor: 0.511779422046491 - Valores: [275.62081294981397, -268.93356679604153, -239.22122676661235, -192.91277592042275, 272.8288592716299]
Geração: 710 - Melhor: 0.511779422046491 - Valores: [275.6208129489036, -268.93356679703714, -239.22122676768146, -192.9127759213531, 272.82885927042065]
Geração: 720 - Melhor: 0.511779422046491 - Valores: [275.6208129480063, -268.93356679775115, -239.22122676847263, -192.91277592206734, 272.8288592692114]
Geração: 730 - Melhor: 0.511779422046491 - Valores: [275.6208129468021, -268.9335667984252, -239.22122676916243, -192.91277592288648, 272.82885926815055]
Geração: 740 - Melhor: 0.511779422046491 - Valores: [275.6208129455979, -268.9335667990464, -239.22122676976022, -192.91277592383642, 272.8288592669413]
Geração: 750 - Melhor: 0.511779422046491 - Valores: [275.62081294457346, -268.9335667998313, -239.22122677026763, -192.91277592462367, 272.8288592657321]
Geração: 760 - Melhor: 0.511779422046491 - Valores: [275.620812943514, -268.93356680089045, -239.22122677105227, -192.91277592557708, 272.82885926470505]
Geração: 770 - Melhor: 0.511779422046491 - Valores: [275.6208129425365, -268.9335668019013, -239.22122677180448, -192.91277592651693, 272.8288592636078]
Geração: 780 - Melhor: 0.511779422046491 - Valores: [275.6208129413323, -268.9335668027166, -239.2212267724231, -192.9127759272497, 272.82885926239857]
Geração: 790 - Melhor: 0.511779422046491 - Valores: [275.6208129402826, -268.93356680356857, -267.317265197392, -192.91277592799108, 272.82885926118934]
Geração: 800 - Melhor: 0.511779422046491 - Valores: [275.6208129392494, -268.93356680464, -267.31726519841305, -192.91277592884285, 272.82885925995987]
Geração: 810 - Melhor: 0.511779422046491 - Valores: [275.6208129381093, -268.9335668056434, -267.3172651994349, -192.91277592947853, 272.82885925875064]
Geração: 820 - Melhor: 0.511779422046491 - Valores: [275.6208129370954, -268.9335668068853, -267.31726520037535, -192.9127759304361, 272.8288592575414]
Geração: 830 - Melhor: 0.511779422046491 - Valores: [275.62081293619735, -268.93356680791834, -267.31726520124465, -192.9127759311604, 272.8288592564935]
Geração: 840 - Melhor: 0.511779422046491 - Valores: [275.6208129351968, -268.9335668088348, -267.3172652020696, -192.91277593167723, 272.8288592555706]
Geração: 850 - Melhor: 0.511779422046491 - Valores: [275.620812934296, -268.93356680992315, -267.31726520281865, -192.9127759324845, 272.828859254441]
Geração: 860 - Melhor: 0.511779422046491 - Valores: [275.6208129331763, -268.933566810821, -267.31726520374264, -192.91277593341488, 272.8288592533928]
Geração: 870 - Melhor: 0.511779422046491 - Valores: [275.62081293214663, -268.9335668115828, -267.31726520460535, -192.91277593413608, 272.8288592524257]
Geração: 880 - Melhor: 0.511779422046491 - Valores: [275.6208129309424, -268.9335668122761, -267.3172652055017, -192.91277593464974, 272.82885925155614]
Geração: 890 - Melhor: 0.511779422046491 - Valores: [275.62081292973824, -268.9335668130894, -267.3172652061598, -192.91277593546127, 272.82885925034157]
Geração: 900 - Melhor: 0.511779422046491 - Valores: [275.620812928534, -268.9335668141668, -267.3172652068063, -192.91277593609695, 272.82885924921425]
Geração: 910 - Melhor: 0.511779422046491 - Valores: [275.6208129275088, -268.93356681517025, -279.2027382621328, -192.9127759368945, 272.828859248005]
Geração: 920 - Melhor: 0.511779422046491 - Valores: [275.6208129265993, -268.9335668162703, -279.2027382628744, -192.91277593753637, 272.8288592467958]
Geração: 930 - Melhor: 0.511779422046491 - Valores: [275.6208129257035, -268.9335668173177, -279.20273826357993, -192.9127759382366, 272.8288592457259]
Geração: 10 - Melhor: 0.511779422046491 - Valores: [240.72651989520057, 124.84196688096051, 123.85046351870471, 332.03597031501226, -53.37183324209781]
Geração: 20 - Melhor: 0.511779422046491 - Valores: [-34.94935623961243, 124.84196687969438, 123.85046351748682, 26.812670343645948, -53.371833243030295]
Geração: 30 - Melhor: 0.511779422046491 - Valores: [-150.22404018811199, -71.24774727114308, 228.83017800384474, -8.478986876245017, 46.04609140769645]
Geração: 40 - Melhor: 0.5039050552550633 - Valores: [-146.98058498116382, -88.42646267511398, 298.5067726669725, 1.6487524996242797, 8.076718821800796]
Geração: 50 - Melhor: 0.5039050072196958 - Valores: [-196.06789500063252, -90.47379564158709, 298.5794939601815, 1.6194140863158153, 8.076718820821775]
Geração: 60 - Melhor: 0.5039050072195344 - Valores: [-196.06993575920188, -90.47380583466399, 298.5794939817806, 1.6190547096593289, 8.076718819842753]
Geração: 70 - Melhor: 0.5039050072195344 - Valores: [-196.06993576015432, -90.47380583561636, 298.5794939808016, 1.6190547086803078, 8.076718820126201]
Geração: 80 - Melhor: 0.5039050072195344 - Valores: [-196.06993576115426, -90.47380583661636, 298.5794939798016, 1.6190547077012867, 8.076718819149479]
Geração: 90 - Melhor: 0.5039050072195344 - Valores: [-196.06993576210664, -90.47380796097598, 298.57949397971265, 1.6190679632829115, 8.076718819198174]
Geração: 100 - Melhor: 0.5039050072195344 - Valores: [-196.06993576305902, -90.47380796192834, 298.57949397961795, 1.6190679623038904, 8.076718818891436]
Geração: 110 - Melhor: 0.5039050072195344 - Valores: [-196.0699031138828, -90.47380796288071, 298.57949397863894, 1.6190679613248693, 8.076718817912415]
Geração: 120 - Melhor: 0.5039050072195344 - Valores: [-196.06990311488278, -90.47380796383308, 298.5794939776599, 1.6190679603458482, 8.076718816912415]
Geração: 130 - Melhor: 0.5039050072195344 - Valores: [-196.06990311583516, -90.47380908628998, 298.5794939782526, 1.6190679690700005, 8.076718815933393]
Geração: 140 - Melhor: 0.5039050072195344 - Valores: [-196.06990311678754, -90.47380908728998, 298.57949406762725, 1.6190679680700004, 8.076718816155726]
Geração: 150 - Melhor: 0.5039050072195344 - Valores: [-196.06990311773993, -90.47380908828998, 298.5794939762526, 1.6190679670700003, 8.076718815462527]
Geração: 160 - Melhor: 0.5039050072195344 - Valores: [-196.06990311873992, -90.47380908928997, 298.5794939752526, 1.6190679660700003, 8.076718815379722]
Geração: 170 - Melhor: 0.5039050072195344 - Valores: [-196.06987090983472, -90.47380909028999, 298.5794940646266, 1.6190679660501188, 8.076718813462527]
Geração: 180 - Melhor: 0.5039050072195344 - Valores: [-196.0698709108347, -90.47380932738449, 298.5794940636476, 1.6190679650501187, 8.076718813083241]
Geração: 190 - Melhor: 0.5039050072195344 - Valores: [-196.0698709117871, -90.47380910335829, 298.5794940626686, 1.6190679640501262, 8.076718813237381]
Geração: 200 - Melhor: 0.5039050072195344 - Valores: [-196.069871142821, -90.47381015593831, 298.57949406168956, 1.6190679630501186, 8.076718811991185]
Geração: 210 - Melhor: 0.5039050072195344 - Valores: [-196.06987091373946, -90.47381015693831, 298.57949406071054, 1.6190679620710975, 8.076718812293835]
Geração: 220 - Melhor: 0.5039050072195344 - Valores: [-196.06987091469185, -90.47381228129971, 298.57949405973153, 1.6190679610920764, 8.076718809991185]
Geração: 230 - Melhor: 0.5039050072195344 - Valores: [-196.06987091564423, -90.47381228225208, 298.5794940587525, 1.6190679601130553, 8.07671881021594]
Geração: 240 - Melhor: 0.5039050072195344 - Valores: [-196.06987091664422, -90.47381228320445, 298.5794940577525, 1.6190679591130552, 8.076718809806803]
Geração: 250 - Melhor: 0.5039050072195344 - Valores: [-196.0698709175491, -90.4738122842241, 298.57949405675254, 1.6190518655941433, 8.076718808766262]
Geração: 260 - Melhor: 0.5039050072195344 - Valores: [-196.0698708551318, -90.47381228517648, 298.57949405575255, 1.6190358102232871, 8.076718808378564]
Geração: 270 - Melhor: 0.5039050072195344 - Valores: [-196.06987085967933, -90.47381228612886, 298.5794940551056, 1.6190358092232895, 8.076718807778494]
Geração: 280 - Melhor: 0.5039050072195344 - Valores: [-196.06987086067932, -90.47381228712887, 298.5794940541056, 1.6190358101839695, 8.076718807733588]
Geração: 290 - Melhor: 0.5039050072195344 - Valores: [-196.0698708616793, -90.47381228808123, 298.5794940053594, 1.619019749297582, 8.076718806695244]
Geração: 300 - Melhor: 0.5039050072195344 - Valores: [-196.0698708626317, -90.4738122890336, 298.5794940523704, 1.6190197482966298, 8.07671880661201]
Geração: 310 - Melhor: 0.5039050072195344 - Valores: [-196.06987086363168, -90.4738122900336, 298.5794940033594, 1.6189876392487033, 8.076718804695243]
Geração: 320 - Melhor: 0.5039050072195344 - Valores: [-196.06987086463167, -90.47381229103361, 298.5794940023711, 1.6189876382487156, 8.07671880492354]
Geração: 330 - Melhor: 0.5039050072195344 - Valores: [-196.06987086918258, -90.47381229198598, 298.5794940013594, 1.6189876372487078, 8.07671880471734]
Geração: 340 - Melhor: 0.5039050072195344 - Valores: [-196.06987086758267, -90.47381229293836, 298.57949400035955, 1.618987777391649, 8.076718804493314]
Geração: 350 - Melhor: 0.5039050072195344 - Valores: [-196.06987086758403, -90.47381914177326, 298.57949399935944, 1.6190685675054786, 8.076718802528744]
Geração: 360 - Melhor: 0.5039050072195344 - Valores: [-196.06987086858402, -90.47381229493837, 298.5794477260515, 1.6189877753916986, 8.076718801566948]
Geração: 370 - Melhor: 0.5039050072195344 - Valores: [-196.0698708695364, -90.47381229593837, 298.57944763486097, 1.6189877743916987, 8.076718801832317]
Geração: 380 - Melhor: 0.5039050072195344 - Valores: [-196.06987087048878, -90.47381425220604, 298.579447633861, 1.6189878131458058, 8.076718799528743]
Geração: 390 - Melhor: 0.5039050072195344 - Valores: [-196.06987087144117, -90.47381366221921, 298.5794477807226, 1.6189877723922967, 8.076718799832317]
Geração: 400 - Melhor: 0.5039050072195344 - Valores: [-196.06987087239355, -90.47381341996049, 298.5794477797436, 1.6189878621109262, 8.076718800236312]
Geração: 410 - Melhor: 0.5039050072195344 - Valores: [-196.06987087339354, -90.47381343570244, 298.5794477787646, 1.6189878611415232, 8.076718800153095]
Geração: 420 - Melhor: 0.5039050072195344 - Valores: [-196.0698413807849, -90.47381336300349, 298.57944777778556, 1.6189878601420016, 8.076718799165032]
Geração: 430 - Melhor: 0.5039050072195344 - Valores: [-196.0698413818473, -90.47381336400349, 298.57944777680655, 1.6189878591420017, 8.07671879847151]
Geração: 440 - Melhor: 0.5039050072195344 - Valores: [-196.0698413827849, -90.47381336495587, 298.57944777582753, 1.6189878581420016, 8.076718798692944]
Geração: 450 - Melhor: 0.5039050072195344 - Valores: [-196.0698413922741, -90.47381336590826, 298.5794477748485, 1.6189878571419984, 8.076718798189814]
Geração: 10 - Melhor: 0.503899556708063 - Valores: [-219.4588347524912, -8.556367469543147, 273.05183674384125, 298.3887112781289, 9.27559122537184]
Geração: 20 - Melhor: 0.5038995567080647 - Valores: [-219.4588347534912, -8.556367470543147, 273.0518515857883, 298.3717835580179, 9.27559122439282]
Geração: 10 - Melhor: 0.511779422046491 - Valores: [364.2773976685644, 227.9413290977352, -115.90007556491088, -364.29095140463886, -37.64185078205503]
Geração: 20 - Melhor: 0.511779422046491 - Valores: [41.08619003305091, 227.94132909658492, -215.58657987616553, -150.1002104803747, -126.90847549835657]
Geração: 10 - Melhor: 0.17162182441615023 - Valores: [-0.46886352742797044, 0.7236690272366673, 365.2981174371764, -381.9367067989494, 0.8968942284467971]
Geração: 20 - Melhor: 0.12354722165158277 - Valores: [-0.38884173122088794, 0.5787254467945666, 122.771271580745, -142.3427066285126, 0.7750510654863484]
